2024-11-26T01:24:29.061+08:00  INFO 7120 --- [authorization-service] [main] c.a.n.c.c.impl.LocalConfigInfoProcessor  : LOCAL_SNAPSHOT_PATH:C:\Users\jjjj\nacos\config
2024-11-26T01:24:29.070+08:00  INFO 7120 --- [authorization-service] [main] com.alibaba.nacos.common.remote.client   : [RpcClientFactory] create a new rpc client of b2aaa09e-1265-432d-b8ed-464df02f4e54_config-0
2024-11-26T01:24:29.088+08:00  INFO 7120 --- [authorization-service] [main] com.alibaba.nacos.common.remote.client   : [b2aaa09e-1265-432d-b8ed-464df02f4e54_config-0] Register server push request handler:com.alibaba.nacos.client.config.impl.ClientWorker$ConfigRpcTransportClient$$Lambda$599/0x000001facc3bc010
2024-11-26T01:24:29.088+08:00  INFO 7120 --- [authorization-service] [main] com.alibaba.nacos.common.remote.client   : [b2aaa09e-1265-432d-b8ed-464df02f4e54_config-0] Register server push request handler:com.alibaba.nacos.client.config.impl.ClientWorker$ConfigRpcTransportClient$$Lambda$600/0x000001facc3bc430
2024-11-26T01:24:29.089+08:00  INFO 7120 --- [authorization-service] [main] com.alibaba.nacos.common.remote.client   : [b2aaa09e-1265-432d-b8ed-464df02f4e54_config-0] Registry connection listener to current client:com.alibaba.nacos.client.config.impl.ClientWorker$ConfigRpcTransportClient$1
2024-11-26T01:24:29.089+08:00  INFO 7120 --- [authorization-service] [main] com.alibaba.nacos.common.remote.client   : [b2aaa09e-1265-432d-b8ed-464df02f4e54_config-0] RpcClient init, ServerListFactory = com.alibaba.nacos.client.config.impl.ClientWorker$ConfigRpcTransportClient$2
2024-11-26T01:24:29.094+08:00  INFO 7120 --- [authorization-service] [main] com.alibaba.nacos.common.remote.client   : [b2aaa09e-1265-432d-b8ed-464df02f4e54_config-0] Try to connect to server on start up, server: {serverIp = '192.168.65.151', server main port = 8848}
2024-11-26T01:24:29.122+08:00  INFO 7120 --- [authorization-service] [main] c.a.n.c.remote.client.grpc.GrpcClient    : grpc client connection server:192.168.65.151 ip,serverPort:9848,grpcTslConfig:{"sslProvider":"","enableTls":false,"mutualAuthEnable":false,"trustAll":false}
2024-11-26T01:24:29.892+08:00  INFO 7120 --- [authorization-service] [main] c.a.n.c.a.AbstractAbilityControlManager  : Ready to get current node abilities...
2024-11-26T01:24:29.893+08:00  INFO 7120 --- [authorization-service] [main] c.a.n.c.a.AbstractAbilityControlManager  : Ready to initialize current node abilities, support modes: [SDK_CLIENT]
2024-11-26T01:24:29.893+08:00  INFO 7120 --- [authorization-service] [main] c.a.n.c.a.AbstractAbilityControlManager  : Initialize current abilities finish...
2024-11-26T01:24:29.894+08:00  INFO 7120 --- [authorization-service] [main] c.a.n.c.a.d.NacosAbilityManagerHolder    : [AbilityControlManager] Successfully initialize AbilityControlManager
2024-11-26T01:24:30.006+08:00  INFO 7120 --- [authorization-service] [main] com.alibaba.nacos.common.remote.client   : [b2aaa09e-1265-432d-b8ed-464df02f4e54_config-0] Success to connect to server [192.168.65.151:8848] on start up, connectionId = 1732555469793_192.168.65.1_60652
2024-11-26T01:24:30.006+08:00  INFO 7120 --- [authorization-service] [com.alibaba.nacos.client.remote.worker.0] com.alibaba.nacos.common.remote.client   : [b2aaa09e-1265-432d-b8ed-464df02f4e54_config-0] Notify connected event to listeners.
2024-11-26T01:24:30.007+08:00  INFO 7120 --- [authorization-service] [com.alibaba.nacos.client.remote.worker.0] c.a.n.client.config.impl.ClientWorker    : [b2aaa09e-1265-432d-b8ed-464df02f4e54_config-0] Connected,notify listen context...
2024-11-26T01:24:30.007+08:00  INFO 7120 --- [authorization-service] [main] com.alibaba.nacos.common.remote.client   : [b2aaa09e-1265-432d-b8ed-464df02f4e54_config-0] Register server push request handler:com.alibaba.nacos.common.remote.client.RpcClient$ConnectResetRequestHandler
2024-11-26T01:24:30.007+08:00  INFO 7120 --- [authorization-service] [main] com.alibaba.nacos.common.remote.client   : [b2aaa09e-1265-432d-b8ed-464df02f4e54_config-0] Register server push request handler:com.alibaba.nacos.common.remote.client.RpcClient$$Lambda$619/0x000001facc4ff0a0
2024-11-26T01:24:30.051+08:00  INFO 7120 --- [authorization-service] [main] c.a.nacos.client.config.impl.Limiter     : limitTime:5.0
2024-11-26T01:24:30.097+08:00  INFO 7120 --- [authorization-service] [main] c.a.nacos.client.config.utils.JvmUtil    : isMultiInstance:false
2024-11-26T01:24:30.147+08:00  WARN 7120 --- [authorization-service] [main] c.a.c.n.c.NacosPropertySourceBuilder     : Ignore the empty nacos configuration and get it based on dataId[authorization-service] & group[DEFAULT_GROUP]
2024-11-26T01:24:30.156+08:00  WARN 7120 --- [authorization-service] [main] c.a.c.n.c.NacosPropertySourceBuilder     : Ignore the empty nacos configuration and get it based on dataId[authorization-service.yaml] & group[DEFAULT_GROUP]
2024-11-26T01:24:30.164+08:00  WARN 7120 --- [authorization-service] [main] c.a.c.n.c.NacosPropertySourceBuilder     : Ignore the empty nacos configuration and get it based on dataId[authorization-service-local.yaml] & group[DEFAULT_GROUP]
2024-11-26T01:24:30.165+08:00  INFO 7120 --- [authorization-service] [main] b.c.PropertySourceBootstrapConfiguration : Located property source: [BootstrapPropertySource {name='bootstrapProperties-authorization-service-local.yaml,DEFAULT_GROUP'}, BootstrapPropertySource {name='bootstrapProperties-authorization-service.yaml,DEFAULT_GROUP'}, BootstrapPropertySource {name='bootstrapProperties-authorization-service,DEFAULT_GROUP'}, BootstrapPropertySource {name='bootstrapProperties-shared-jwt.yaml,DEFAULT_GROUP'}, BootstrapPropertySource {name='bootstrapProperties-shared-rabbitmq.yaml,DEFAULT_GROUP'}, BootstrapPropertySource {name='bootstrapProperties-shared-redis.yaml,DEFAULT_GROUP'}, BootstrapPropertySource {name='bootstrapProperties-shared-log.yaml,DEFAULT_GROUP'}]
2024-11-26T01:24:30.174+08:00  INFO 7120 --- [authorization-service] [main] com.supply.AuthorizationApplication      : The following 1 profile is active: "local"
2024-11-26T01:24:30.748+08:00  INFO 7120 --- [authorization-service] [main] .s.d.r.c.RepositoryConfigurationDelegate : Multiple Spring Data modules found, entering strict repository configuration mode
2024-11-26T01:24:30.751+08:00  INFO 7120 --- [authorization-service] [main] .s.d.r.c.RepositoryConfigurationDelegate : Bootstrapping Spring Data Redis repositories in DEFAULT mode.
2024-11-26T01:24:30.795+08:00  INFO 7120 --- [authorization-service] [main] .s.d.r.c.RepositoryConfigurationDelegate : Finished Spring Data repository scanning in 28 ms. Found 0 Redis repository interfaces.
2024-11-26T01:24:30.941+08:00  INFO 7120 --- [authorization-service] [main] o.s.cloud.context.scope.GenericScope     : BeanFactory id=47e2bcba-94eb-3692-a13b-5edcd628d5bf
2024-11-26T01:24:30.954+08:00  INFO 7120 --- [authorization-service] [main] ptablePropertiesBeanFactoryPostProcessor : Post-processing PropertySource instances
2024-11-26T01:24:30.954+08:00  INFO 7120 --- [authorization-service] [main] c.u.j.EncryptablePropertySourceConverter : Converting PropertySource bootstrapProperties-authorization-service-local.yaml,DEFAULT_GROUP [org.springframework.cloud.bootstrap.config.BootstrapPropertySource] to EncryptableEnumerablePropertySourceWrapper
2024-11-26T01:24:30.954+08:00  INFO 7120 --- [authorization-service] [main] c.u.j.EncryptablePropertySourceConverter : Converting PropertySource bootstrapProperties-authorization-service.yaml,DEFAULT_GROUP [org.springframework.cloud.bootstrap.config.BootstrapPropertySource] to EncryptableEnumerablePropertySourceWrapper
2024-11-26T01:24:30.955+08:00  INFO 7120 --- [authorization-service] [main] c.u.j.EncryptablePropertySourceConverter : Converting PropertySource bootstrapProperties-authorization-service,DEFAULT_GROUP [org.springframework.cloud.bootstrap.config.BootstrapPropertySource] to EncryptableEnumerablePropertySourceWrapper
2024-11-26T01:24:30.955+08:00  INFO 7120 --- [authorization-service] [main] c.u.j.EncryptablePropertySourceConverter : Converting PropertySource bootstrapProperties-shared-jwt.yaml,DEFAULT_GROUP [org.springframework.cloud.bootstrap.config.BootstrapPropertySource] to EncryptableEnumerablePropertySourceWrapper
2024-11-26T01:24:30.955+08:00  INFO 7120 --- [authorization-service] [main] c.u.j.EncryptablePropertySourceConverter : Converting PropertySource bootstrapProperties-shared-rabbitmq.yaml,DEFAULT_GROUP [org.springframework.cloud.bootstrap.config.BootstrapPropertySource] to EncryptableEnumerablePropertySourceWrapper
2024-11-26T01:24:30.955+08:00  INFO 7120 --- [authorization-service] [main] c.u.j.EncryptablePropertySourceConverter : Converting PropertySource bootstrapProperties-shared-redis.yaml,DEFAULT_GROUP [org.springframework.cloud.bootstrap.config.BootstrapPropertySource] to EncryptableEnumerablePropertySourceWrapper
2024-11-26T01:24:30.955+08:00  INFO 7120 --- [authorization-service] [main] c.u.j.EncryptablePropertySourceConverter : Converting PropertySource bootstrapProperties-shared-log.yaml,DEFAULT_GROUP [org.springframework.cloud.bootstrap.config.BootstrapPropertySource] to EncryptableEnumerablePropertySourceWrapper
2024-11-26T01:24:30.955+08:00  INFO 7120 --- [authorization-service] [main] c.u.j.EncryptablePropertySourceConverter : Skipping PropertySource configurationProperties [class org.springframework.boot.context.properties.source.ConfigurationPropertySourcesPropertySource
2024-11-26T01:24:30.955+08:00  INFO 7120 --- [authorization-service] [main] c.u.j.EncryptablePropertySourceConverter : Skipping PropertySource servletConfigInitParams [class org.springframework.core.env.PropertySource$StubPropertySource
2024-11-26T01:24:30.955+08:00  INFO 7120 --- [authorization-service] [main] c.u.j.EncryptablePropertySourceConverter : Skipping PropertySource servletContextInitParams [class org.springframework.core.env.PropertySource$StubPropertySource
2024-11-26T01:24:30.955+08:00  INFO 7120 --- [authorization-service] [main] c.u.j.EncryptablePropertySourceConverter : Converting PropertySource systemProperties [org.springframework.core.env.PropertiesPropertySource] to EncryptableMapPropertySourceWrapper
2024-11-26T01:24:30.955+08:00  INFO 7120 --- [authorization-service] [main] c.u.j.EncryptablePropertySourceConverter : Converting PropertySource systemEnvironment [org.springframework.boot.env.SystemEnvironmentPropertySourceEnvironmentPostProcessor$OriginAwareSystemEnvironmentPropertySource] to EncryptableSystemEnvironmentPropertySourceWrapper
2024-11-26T01:24:30.955+08:00  INFO 7120 --- [authorization-service] [main] c.u.j.EncryptablePropertySourceConverter : Converting PropertySource random [org.springframework.boot.env.RandomValuePropertySource] to EncryptablePropertySourceWrapper
2024-11-26T01:24:30.955+08:00  INFO 7120 --- [authorization-service] [main] c.u.j.EncryptablePropertySourceConverter : Converting PropertySource cachedrandom [org.springframework.cloud.util.random.CachedRandomPropertySource] to EncryptablePropertySourceWrapper
2024-11-26T01:24:30.955+08:00  INFO 7120 --- [authorization-service] [main] c.u.j.EncryptablePropertySourceConverter : Converting PropertySource springCloudClientHostInfo [org.springframework.core.env.MapPropertySource] to EncryptableMapPropertySourceWrapper
2024-11-26T01:24:30.955+08:00  INFO 7120 --- [authorization-service] [main] c.u.j.EncryptablePropertySourceConverter : Converting PropertySource Config resource 'class path resource [application-local.yaml]' via location 'optional:classpath:/' [org.springframework.boot.env.OriginTrackedMapPropertySource] to EncryptableMapPropertySourceWrapper
2024-11-26T01:24:30.955+08:00  INFO 7120 --- [authorization-service] [main] c.u.j.EncryptablePropertySourceConverter : Converting PropertySource Config resource 'class path resource [application.yaml]' via location 'optional:classpath:/' [org.springframework.boot.env.OriginTrackedMapPropertySource] to EncryptableMapPropertySourceWrapper
2024-11-26T01:24:30.955+08:00  INFO 7120 --- [authorization-service] [main] c.u.j.EncryptablePropertySourceConverter : Converting PropertySource applicationConfig: [classpath:/application-local.yaml] [org.springframework.boot.env.OriginTrackedMapPropertySource] to EncryptableMapPropertySourceWrapper
2024-11-26T01:24:30.955+08:00  INFO 7120 --- [authorization-service] [main] c.u.j.EncryptablePropertySourceConverter : Converting PropertySource applicationConfig: [classpath:/application.yaml] [org.springframework.boot.env.OriginTrackedMapPropertySource] to EncryptableMapPropertySourceWrapper
2024-11-26T01:24:30.955+08:00  INFO 7120 --- [authorization-service] [main] c.u.j.EncryptablePropertySourceConverter : Converting PropertySource springCloudDefaultProperties [org.springframework.core.env.MapPropertySource] to EncryptableMapPropertySourceWrapper
2024-11-26T01:24:31.223+08:00  INFO 7120 --- [authorization-service] [main] o.s.b.w.embedded.tomcat.TomcatWebServer  : Tomcat initialized with port 10101 (http)
2024-11-26T01:24:31.239+08:00  INFO 7120 --- [authorization-service] [main] o.apache.catalina.core.StandardService   : Starting service [Tomcat]
2024-11-26T01:24:31.239+08:00  INFO 7120 --- [authorization-service] [main] o.apache.catalina.core.StandardEngine    : Starting Servlet engine: [Apache Tomcat/10.1.20]
2024-11-26T01:24:31.306+08:00  INFO 7120 --- [authorization-service] [main] o.a.c.c.C.[Tomcat].[localhost].[/]       : Initializing Spring embedded WebApplicationContext
2024-11-26T01:24:31.307+08:00  INFO 7120 --- [authorization-service] [main] w.s.c.ServletWebServerApplicationContext : Root WebApplicationContext: initialization completed in 1125 ms
2024-11-26T01:24:31.367+08:00  INFO 7120 --- [authorization-service] [main] c.u.j.filter.DefaultLazyPropertyFilter   : Property Filter custom Bean not found with name 'encryptablePropertyFilter'. Initializing Default Property Filter
2024-11-26T01:24:31.375+08:00  INFO 7120 --- [authorization-service] [main] c.u.j.r.DefaultLazyPropertyResolver      : Property Resolver custom Bean not found with name 'encryptablePropertyResolver'. Initializing Default Property Resolver
2024-11-26T01:24:31.375+08:00  INFO 7120 --- [authorization-service] [main] c.u.j.d.DefaultLazyPropertyDetector      : Property Detector custom Bean not found with name 'encryptablePropertyDetector'. Initializing Default Property Detector
2024-11-26T01:24:32.935+08:00  INFO 7120 --- [authorization-service] [main] o.s.cloud.commons.util.InetUtils         : Cannot determine local hostname
2024-11-26T01:24:41.798+08:00  INFO 7120 --- [authorization-service] [main] o.s.cloud.commons.util.InetUtils         : Cannot determine local hostname
2024-11-26T01:24:41.981+08:00  INFO 7120 --- [authorization-service] [main] c.u.j.encryptor.DefaultLazyEncryptor     : String Encryptor custom Bean not found with name 'jasyptStringEncryptor'. Initializing Default String Encryptor
2024-11-26T01:24:41.993+08:00  INFO 7120 --- [authorization-service] [main] c.u.j.c.StringEncryptorBuilder           : Encryptor config not found for property jasypt.encryptor.key-obtention-iterations, using default value: 1000
2024-11-26T01:24:41.994+08:00  INFO 7120 --- [authorization-service] [main] c.u.j.c.StringEncryptorBuilder           : Encryptor config not found for property jasypt.encryptor.pool-size, using default value: 1
2024-11-26T01:24:41.994+08:00  INFO 7120 --- [authorization-service] [main] c.u.j.c.StringEncryptorBuilder           : Encryptor config not found for property jasypt.encryptor.provider-name, using default value: null
2024-11-26T01:24:41.994+08:00  INFO 7120 --- [authorization-service] [main] c.u.j.c.StringEncryptorBuilder           : Encryptor config not found for property jasypt.encryptor.provider-class-name, using default value: null
2024-11-26T01:24:41.995+08:00  INFO 7120 --- [authorization-service] [main] c.u.j.c.StringEncryptorBuilder           : Encryptor config not found for property jasypt.encryptor.salt-generator-classname, using default value: org.jasypt.salt.RandomSaltGenerator
2024-11-26T01:24:41.996+08:00  INFO 7120 --- [authorization-service] [main] c.u.j.c.StringEncryptorBuilder           : Encryptor config not found for property jasypt.encryptor.iv-generator-classname, using default value: org.jasypt.iv.RandomIvGenerator
2024-11-26T01:24:41.997+08:00  INFO 7120 --- [authorization-service] [main] c.u.j.c.StringEncryptorBuilder           : Encryptor config not found for property jasypt.encryptor.string-output-type, using default value: base64
2024-11-26T01:24:42.265+08:00  INFO 7120 --- [authorization-service] [main] o.s.s.web.DefaultSecurityFilterChain     : Will secure any request with [org.springframework.security.web.session.DisableEncodeUrlFilter@66851aa5, org.springframework.security.web.context.request.async.WebAsyncManagerIntegrationFilter@49654a35, org.springframework.security.web.context.SecurityContextHolderFilter@7f53b345, org.springframework.security.web.header.HeaderWriterFilter@22ea6051, org.springframework.security.web.authentication.logout.LogoutFilter@65cc3902, org.springframework.security.web.savedrequest.RequestCacheAwareFilter@71817f66, org.springframework.security.web.servletapi.SecurityContextHolderAwareRequestFilter@68feca3a, org.springframework.security.web.authentication.AnonymousAuthenticationFilter@5169db2f, org.springframework.security.web.session.SessionManagementFilter@5f2ad3d5, org.springframework.security.web.access.ExceptionTranslationFilter@15bcecf9, org.springframework.security.web.access.intercept.AuthorizationFilter@23119bc3]
2024-11-26T01:24:42.818+08:00  INFO 7120 --- [authorization-service] [main] o.s.b.w.embedded.tomcat.TomcatWebServer  : Tomcat started on port 10101 (http) with context path ''
2024-11-26T01:24:42.820+08:00  INFO 7120 --- [authorization-service] [main] u.j.c.RefreshScopeRefreshedEventListener : Refreshing cached encryptable property sources on ServletWebServerInitializedEvent
2024-11-26T01:24:42.820+08:00  INFO 7120 --- [authorization-service] [main] CachingDelegateEncryptablePropertySource : Property Source bootstrapProperties-authorization-service-local.yaml,DEFAULT_GROUP refreshed
2024-11-26T01:24:42.820+08:00  INFO 7120 --- [authorization-service] [main] CachingDelegateEncryptablePropertySource : Property Source bootstrapProperties-authorization-service.yaml,DEFAULT_GROUP refreshed
2024-11-26T01:24:42.820+08:00  INFO 7120 --- [authorization-service] [main] CachingDelegateEncryptablePropertySource : Property Source bootstrapProperties-authorization-service,DEFAULT_GROUP refreshed
2024-11-26T01:24:42.820+08:00  INFO 7120 --- [authorization-service] [main] CachingDelegateEncryptablePropertySource : Property Source bootstrapProperties-shared-jwt.yaml,DEFAULT_GROUP refreshed
2024-11-26T01:24:42.820+08:00  INFO 7120 --- [authorization-service] [main] CachingDelegateEncryptablePropertySource : Property Source bootstrapProperties-shared-rabbitmq.yaml,DEFAULT_GROUP refreshed
2024-11-26T01:24:42.820+08:00  INFO 7120 --- [authorization-service] [main] CachingDelegateEncryptablePropertySource : Property Source bootstrapProperties-shared-redis.yaml,DEFAULT_GROUP refreshed
2024-11-26T01:24:42.820+08:00  INFO 7120 --- [authorization-service] [main] CachingDelegateEncryptablePropertySource : Property Source bootstrapProperties-shared-log.yaml,DEFAULT_GROUP refreshed
2024-11-26T01:24:42.820+08:00  INFO 7120 --- [authorization-service] [main] CachingDelegateEncryptablePropertySource : Property Source systemProperties refreshed
2024-11-26T01:24:42.820+08:00  INFO 7120 --- [authorization-service] [main] CachingDelegateEncryptablePropertySource : Property Source systemEnvironment refreshed
2024-11-26T01:24:42.820+08:00  INFO 7120 --- [authorization-service] [main] CachingDelegateEncryptablePropertySource : Property Source random refreshed
2024-11-26T01:24:42.820+08:00  INFO 7120 --- [authorization-service] [main] CachingDelegateEncryptablePropertySource : Property Source cachedrandom refreshed
2024-11-26T01:24:42.820+08:00  INFO 7120 --- [authorization-service] [main] CachingDelegateEncryptablePropertySource : Property Source springCloudClientHostInfo refreshed
2024-11-26T01:24:42.820+08:00  INFO 7120 --- [authorization-service] [main] CachingDelegateEncryptablePropertySource : Property Source Config resource 'class path resource [application-local.yaml]' via location 'optional:classpath:/' refreshed
2024-11-26T01:24:42.820+08:00  INFO 7120 --- [authorization-service] [main] CachingDelegateEncryptablePropertySource : Property Source Config resource 'class path resource [application.yaml]' via location 'optional:classpath:/' refreshed
2024-11-26T01:24:42.820+08:00  INFO 7120 --- [authorization-service] [main] CachingDelegateEncryptablePropertySource : Property Source applicationConfig: [classpath:/application-local.yaml] refreshed
2024-11-26T01:24:42.820+08:00  INFO 7120 --- [authorization-service] [main] CachingDelegateEncryptablePropertySource : Property Source applicationConfig: [classpath:/application.yaml] refreshed
2024-11-26T01:24:42.820+08:00  INFO 7120 --- [authorization-service] [main] CachingDelegateEncryptablePropertySource : Property Source springCloudDefaultProperties refreshed
2024-11-26T01:24:42.820+08:00  INFO 7120 --- [authorization-service] [main] CachingDelegateEncryptablePropertySource : Property Source Config resource 'class path resource [bootstrap.yaml]' via location 'optional:classpath:/' refreshed
2024-11-26T01:24:42.821+08:00  INFO 7120 --- [authorization-service] [main] CachingDelegateEncryptablePropertySource : Property Source applicationConfig: [classpath:/bootstrap.yaml] refreshed
2024-11-26T01:24:42.821+08:00  INFO 7120 --- [authorization-service] [main] c.u.j.EncryptablePropertySourceConverter : Skipping PropertySource configurationProperties [class org.springframework.boot.context.properties.source.ConfigurationPropertySourcesPropertySource
2024-11-26T01:24:42.821+08:00  INFO 7120 --- [authorization-service] [main] c.u.j.EncryptablePropertySourceConverter : Skipping PropertySource servletConfigInitParams [class org.springframework.core.env.PropertySource$StubPropertySource
2024-11-26T01:24:42.821+08:00  INFO 7120 --- [authorization-service] [main] c.u.j.EncryptablePropertySourceConverter : Converting PropertySource servletContextInitParams [org.springframework.web.context.support.ServletContextPropertySource] to EncryptableEnumerablePropertySourceWrapper
2024-11-26T01:24:43.952+08:00  INFO 7120 --- [authorization-service] [main] o.s.cloud.commons.util.InetUtils         : Cannot determine local hostname
2024-11-26T01:24:43.960+08:00  INFO 7120 --- [authorization-service] [main] com.alibaba.nacos.client.naming          : initializer namespace from ans.namespace attribute : null
2024-11-26T01:24:43.961+08:00  INFO 7120 --- [authorization-service] [main] com.alibaba.nacos.client.naming          : initializer namespace from ALIBABA_ALIWARE_NAMESPACE attribute :null
2024-11-26T01:24:43.961+08:00  INFO 7120 --- [authorization-service] [main] com.alibaba.nacos.client.naming          : initializer namespace from namespace attribute :null
2024-11-26T01:24:43.975+08:00  INFO 7120 --- [authorization-service] [main] com.alibaba.nacos.client.naming          : FailoverDataSource type is class com.alibaba.nacos.client.naming.backups.datasource.DiskFailoverDataSource
2024-11-26T01:24:43.982+08:00  INFO 7120 --- [authorization-service] [main] c.a.n.p.a.s.c.ClientAuthPluginManager    : [ClientAuthPluginManager] Load ClientAuthService com.alibaba.nacos.client.auth.impl.NacosClientAuthServiceImpl success.
2024-11-26T01:24:43.983+08:00  INFO 7120 --- [authorization-service] [main] c.a.n.p.a.s.c.ClientAuthPluginManager    : [ClientAuthPluginManager] Load ClientAuthService com.alibaba.nacos.client.auth.ram.RamClientAuthServiceImpl success.
2024-11-26T01:24:43.987+08:00  INFO 7120 --- [authorization-service] [main] com.alibaba.nacos.common.remote.client   : [RpcClientFactory] create a new rpc client of 176b9a82-93bc-4361-87d5-465ef4ad1489
2024-11-26T01:24:43.989+08:00  INFO 7120 --- [authorization-service] [main] com.alibaba.nacos.client.naming          : Create naming rpc client for uuid->176b9a82-93bc-4361-87d5-465ef4ad1489
2024-11-26T01:24:43.990+08:00  INFO 7120 --- [authorization-service] [main] com.alibaba.nacos.common.remote.client   : [176b9a82-93bc-4361-87d5-465ef4ad1489] RpcClient init, ServerListFactory = com.alibaba.nacos.client.naming.core.ServerListManager
2024-11-26T01:24:43.990+08:00  INFO 7120 --- [authorization-service] [main] com.alibaba.nacos.common.remote.client   : [176b9a82-93bc-4361-87d5-465ef4ad1489] Registry connection listener to current client:com.alibaba.nacos.client.naming.remote.gprc.redo.NamingGrpcRedoService
2024-11-26T01:24:43.991+08:00  INFO 7120 --- [authorization-service] [main] com.alibaba.nacos.common.remote.client   : [176b9a82-93bc-4361-87d5-465ef4ad1489] Register server push request handler:com.alibaba.nacos.client.naming.remote.gprc.NamingPushRequestHandler
2024-11-26T01:24:43.991+08:00  INFO 7120 --- [authorization-service] [main] com.alibaba.nacos.common.remote.client   : [176b9a82-93bc-4361-87d5-465ef4ad1489] Try to connect to server on start up, server: {serverIp = '192.168.65.151', server main port = 8848}
2024-11-26T01:24:43.992+08:00  INFO 7120 --- [authorization-service] [main] c.a.n.c.remote.client.grpc.GrpcClient    : grpc client connection server:192.168.65.151 ip,serverPort:9848,grpcTslConfig:{"sslProvider":"","enableTls":false,"mutualAuthEnable":false,"trustAll":false}
2024-11-26T01:24:44.123+08:00  INFO 7120 --- [authorization-service] [main] com.alibaba.nacos.common.remote.client   : [176b9a82-93bc-4361-87d5-465ef4ad1489] Success to connect to server [192.168.65.151:8848] on start up, connectionId = 1732555484019_192.168.65.1_60931
2024-11-26T01:24:44.123+08:00  INFO 7120 --- [authorization-service] [main] com.alibaba.nacos.common.remote.client   : [176b9a82-93bc-4361-87d5-465ef4ad1489] Register server push request handler:com.alibaba.nacos.common.remote.client.RpcClient$ConnectResetRequestHandler
2024-11-26T01:24:44.123+08:00  INFO 7120 --- [authorization-service] [main] com.alibaba.nacos.common.remote.client   : [176b9a82-93bc-4361-87d5-465ef4ad1489] Register server push request handler:com.alibaba.nacos.common.remote.client.RpcClient$$Lambda$619/0x000001facc4ff0a0
2024-11-26T01:24:44.123+08:00  INFO 7120 --- [authorization-service] [com.alibaba.nacos.client.remote.worker.0] com.alibaba.nacos.common.remote.client   : [176b9a82-93bc-4361-87d5-465ef4ad1489] Notify connected event to listeners.
2024-11-26T01:24:44.123+08:00  INFO 7120 --- [authorization-service] [com.alibaba.nacos.client.remote.worker.0] com.alibaba.nacos.client.naming          : Grpc connection connect
2024-11-26T01:24:44.125+08:00  INFO 7120 --- [authorization-service] [main] com.alibaba.nacos.client.naming          : [REGISTER-SERVICE] public registering service authorization-service with instance Instance{instanceId='null', ip='192.168.65.1', port=10101, weight=1.0, healthy=true, enabled=true, ephemeral=true, clusterName='DEFAULT', serviceName='null', metadata={IPv6=[2001:0:2851:b9f0:447:231a:2ddd:c4bc], preserved.register.source=SPRING_CLOUD}}
2024-11-26T01:24:44.135+08:00  INFO 7120 --- [authorization-service] [main] c.a.c.n.registry.NacosServiceRegistry    : nacos registry, DEFAULT_GROUP authorization-service 192.168.65.1:10101 register finished
2024-11-26T01:24:44.135+08:00  INFO 7120 --- [authorization-service] [main] u.j.c.RefreshScopeRefreshedEventListener : Refreshing cached encryptable property sources on ServletWebServerInitializedEvent
2024-11-26T01:24:44.135+08:00  INFO 7120 --- [authorization-service] [main] CachingDelegateEncryptablePropertySource : Property Source systemProperties refreshed
2024-11-26T01:24:44.135+08:00  INFO 7120 --- [authorization-service] [main] CachingDelegateEncryptablePropertySource : Property Source systemEnvironment refreshed
2024-11-26T01:24:44.135+08:00  INFO 7120 --- [authorization-service] [main] CachingDelegateEncryptablePropertySource : Property Source random refreshed
2024-11-26T01:24:44.135+08:00  INFO 7120 --- [authorization-service] [main] CachingDelegateEncryptablePropertySource : Property Source cachedrandom refreshed
2024-11-26T01:24:44.135+08:00  INFO 7120 --- [authorization-service] [main] CachingDelegateEncryptablePropertySource : Property Source springCloudClientHostInfo refreshed
2024-11-26T01:24:44.135+08:00  INFO 7120 --- [authorization-service] [main] CachingDelegateEncryptablePropertySource : Property Source Config resource 'class path resource [bootstrap.yaml]' via location 'optional:classpath:/' refreshed
2024-11-26T01:24:44.135+08:00  INFO 7120 --- [authorization-service] [main] CachingDelegateEncryptablePropertySource : Property Source applicationConfig: [classpath:/bootstrap.yaml] refreshed
2024-11-26T01:24:44.135+08:00  INFO 7120 --- [authorization-service] [main] c.u.j.EncryptablePropertySourceConverter : Converting PropertySource server.ports [org.springframework.core.env.MapPropertySource] to EncryptableMapPropertySourceWrapper
2024-11-26T01:24:44.135+08:00  INFO 7120 --- [authorization-service] [main] c.u.j.EncryptablePropertySourceConverter : Skipping PropertySource configurationProperties [class org.springframework.boot.context.properties.source.ConfigurationPropertySourcesPropertySource
2024-11-26T01:24:44.136+08:00  INFO 7120 --- [authorization-service] [main] c.u.j.EncryptablePropertySourceConverter : Converting PropertySource springCloudDefaultProperties [org.springframework.cloud.bootstrap.BootstrapApplicationListener$ExtendedDefaultPropertySource] to EncryptableSystemEnvironmentPropertySourceWrapper
2024-11-26T01:24:44.143+08:00  INFO 7120 --- [authorization-service] [main] com.supply.AuthorizationApplication      : Started AuthorizationApplication in 18.108 seconds (process running for 18.539)
2024-11-26T01:24:44.150+08:00  INFO 7120 --- [authorization-service] [main] c.a.nacos.client.config.impl.CacheData   : config listener notify warn timeout millis use default 60000 millis 
2024-11-26T01:24:44.150+08:00  INFO 7120 --- [authorization-service] [main] c.a.nacos.client.config.impl.CacheData   : nacos.cache.data.init.snapshot = true 
2024-11-26T01:24:44.150+08:00  INFO 7120 --- [authorization-service] [main] c.a.n.client.config.impl.ClientWorker    : [fixed-192.168.65.151_8848] [subscribe] authorization-service-local.yaml+DEFAULT_GROUP
2024-11-26T01:24:44.156+08:00  INFO 7120 --- [authorization-service] [main] c.a.nacos.client.config.impl.CacheData   : [fixed-192.168.65.151_8848] [add-listener] ok, tenant=, dataId=authorization-service-local.yaml, group=DEFAULT_GROUP, cnt=1
2024-11-26T01:24:44.157+08:00  INFO 7120 --- [authorization-service] [main] c.a.c.n.refresh.NacosContextRefresher    : [Nacos Config] Listening config: dataId=authorization-service-local.yaml, group=DEFAULT_GROUP
2024-11-26T01:24:44.157+08:00  INFO 7120 --- [authorization-service] [main] c.a.n.client.config.impl.ClientWorker    : [fixed-192.168.65.151_8848] [subscribe] authorization-service.yaml+DEFAULT_GROUP
2024-11-26T01:24:44.157+08:00  INFO 7120 --- [authorization-service] [main] c.a.nacos.client.config.impl.CacheData   : [fixed-192.168.65.151_8848] [add-listener] ok, tenant=, dataId=authorization-service.yaml, group=DEFAULT_GROUP, cnt=1
2024-11-26T01:24:44.157+08:00  INFO 7120 --- [authorization-service] [main] c.a.c.n.refresh.NacosContextRefresher    : [Nacos Config] Listening config: dataId=authorization-service.yaml, group=DEFAULT_GROUP
2024-11-26T01:24:44.157+08:00  INFO 7120 --- [authorization-service] [main] c.a.n.client.config.impl.ClientWorker    : [fixed-192.168.65.151_8848] [subscribe] authorization-service+DEFAULT_GROUP
2024-11-26T01:24:44.157+08:00  INFO 7120 --- [authorization-service] [main] c.a.nacos.client.config.impl.CacheData   : [fixed-192.168.65.151_8848] [add-listener] ok, tenant=, dataId=authorization-service, group=DEFAULT_GROUP, cnt=1
2024-11-26T01:24:44.157+08:00  INFO 7120 --- [authorization-service] [main] c.a.c.n.refresh.NacosContextRefresher    : [Nacos Config] Listening config: dataId=authorization-service, group=DEFAULT_GROUP
2024-11-26T01:34:03.505+08:00  WARN 7120 --- [authorization-service] [Thread-2] c.a.n.common.http.HttpClientBeanHolder   : [HttpClientBeanHolder] Start destroying common HttpClient
2024-11-26T01:34:03.505+08:00  WARN 7120 --- [authorization-service] [Thread-5] c.a.nacos.common.notify.NotifyCenter     : [NotifyCenter] Start destroying Publisher
2024-11-26T01:34:03.508+08:00  WARN 7120 --- [authorization-service] [Thread-5] c.a.nacos.common.notify.NotifyCenter     : [NotifyCenter] Destruction of the end
2024-11-26T01:34:03.510+08:00  WARN 7120 --- [authorization-service] [Thread-2] c.a.n.common.http.HttpClientBeanHolder   : [HttpClientBeanHolder] Destruction of the end
2024-11-26T01:34:03.638+08:00  INFO 7120 --- [authorization-service] [SpringApplicationShutdownHook] c.a.c.n.registry.NacosServiceRegistry    : De-registering from Nacos Server now...
2024-11-26T01:34:03.639+08:00  INFO 7120 --- [authorization-service] [SpringApplicationShutdownHook] com.alibaba.nacos.client.naming          : [DEREGISTER-SERVICE] public deregistering service authorization-service with instance: Instance{instanceId='null', ip='192.168.65.1', port=10101, weight=1.0, healthy=true, enabled=true, ephemeral=true, clusterName='DEFAULT', serviceName='null', metadata={}}
2024-11-26T01:34:03.755+08:00  INFO 7120 --- [authorization-service] [SpringApplicationShutdownHook] c.a.c.n.registry.NacosServiceRegistry    : De-registration finished.
2024-11-26T01:34:03.756+08:00  INFO 7120 --- [authorization-service] [SpringApplicationShutdownHook] com.alibaba.nacos.client.naming          : com.alibaba.nacos.client.naming.cache.ServiceInfoHolder do shutdown begin
2024-11-26T01:34:03.757+08:00  INFO 7120 --- [authorization-service] [SpringApplicationShutdownHook] com.alibaba.nacos.client.naming          : com.alibaba.nacos.client.naming.backups.FailoverReactor do shutdown begin
2024-11-26T01:34:03.757+08:00  INFO 7120 --- [authorization-service] [SpringApplicationShutdownHook] com.alibaba.nacos.client.naming          : com.alibaba.nacos.client.naming.backups.FailoverReactor do shutdown stop
2024-11-26T01:34:03.757+08:00  INFO 7120 --- [authorization-service] [SpringApplicationShutdownHook] com.alibaba.nacos.client.naming          : com.alibaba.nacos.client.naming.cache.ServiceInfoHolder do shutdown stop
2024-11-26T01:34:03.758+08:00  INFO 7120 --- [authorization-service] [SpringApplicationShutdownHook] com.alibaba.nacos.client.naming          : com.alibaba.nacos.client.naming.remote.NamingClientProxyDelegate do shutdown begin
2024-11-26T01:34:03.758+08:00  INFO 7120 --- [authorization-service] [SpringApplicationShutdownHook] com.alibaba.nacos.client.naming          : com.alibaba.nacos.client.naming.core.ServiceInfoUpdateService do shutdown begin
2024-11-26T01:34:03.758+08:00  INFO 7120 --- [authorization-service] [SpringApplicationShutdownHook] com.alibaba.nacos.client.naming          : com.alibaba.nacos.client.naming.core.ServiceInfoUpdateService do shutdown stop
2024-11-26T01:34:03.758+08:00  INFO 7120 --- [authorization-service] [SpringApplicationShutdownHook] com.alibaba.nacos.client.naming          : com.alibaba.nacos.client.naming.core.ServerListManager do shutdown begin
2024-11-26T01:34:03.758+08:00  WARN 7120 --- [authorization-service] [SpringApplicationShutdownHook] com.alibaba.nacos.client.naming          : [NamingHttpClientManager] Start destroying NacosRestTemplate
2024-11-26T01:34:03.759+08:00  WARN 7120 --- [authorization-service] [SpringApplicationShutdownHook] com.alibaba.nacos.client.naming          : [NamingHttpClientManager] Destruction of the end
2024-11-26T01:34:03.759+08:00  INFO 7120 --- [authorization-service] [SpringApplicationShutdownHook] com.alibaba.nacos.client.naming          : com.alibaba.nacos.client.naming.core.ServerListManager do shutdown stop
2024-11-26T01:34:03.759+08:00  INFO 7120 --- [authorization-service] [SpringApplicationShutdownHook] com.alibaba.nacos.client.naming          : com.alibaba.nacos.client.naming.remote.http.NamingHttpClientProxy do shutdown begin
2024-11-26T01:34:03.759+08:00  WARN 7120 --- [authorization-service] [SpringApplicationShutdownHook] com.alibaba.nacos.client.naming          : [NamingHttpClientManager] Start destroying NacosRestTemplate
2024-11-26T01:34:03.760+08:00  WARN 7120 --- [authorization-service] [SpringApplicationShutdownHook] com.alibaba.nacos.client.naming          : [NamingHttpClientManager] Destruction of the end
2024-11-26T01:34:03.760+08:00  INFO 7120 --- [authorization-service] [SpringApplicationShutdownHook] com.alibaba.nacos.client.naming          : com.alibaba.nacos.client.naming.remote.http.NamingHttpClientProxy do shutdown stop
2024-11-26T01:34:03.760+08:00  INFO 7120 --- [authorization-service] [SpringApplicationShutdownHook] com.alibaba.nacos.client.naming          : Shutdown naming grpc client proxy for  uuid->176b9a82-93bc-4361-87d5-465ef4ad1489
2024-11-26T01:34:03.760+08:00  INFO 7120 --- [authorization-service] [SpringApplicationShutdownHook] com.alibaba.nacos.client.naming          : Shutdown grpc redo service executor java.util.concurrent.ScheduledThreadPoolExecutor@20bc88cd[Running, pool size = 1, active threads = 0, queued tasks = 1, completed tasks = 186]
2024-11-26T01:34:03.760+08:00  INFO 7120 --- [authorization-service] [SpringApplicationShutdownHook] com.alibaba.nacos.common.remote.client   : Shutdown rpc client, set status to shutdown
2024-11-26T01:34:03.760+08:00  INFO 7120 --- [authorization-service] [SpringApplicationShutdownHook] com.alibaba.nacos.common.remote.client   : Shutdown client event executor java.util.concurrent.ScheduledThreadPoolExecutor@65a4936c[Running, pool size = 2, active threads = 2, queued tasks = 0, completed tasks = 0]
2024-11-26T01:34:03.761+08:00  INFO 7120 --- [authorization-service] [SpringApplicationShutdownHook] com.alibaba.nacos.common.remote.client   : Close current connection 1732555484019_192.168.65.1_60931
2024-11-26T01:34:03.771+08:00  INFO 7120 --- [authorization-service] [SpringApplicationShutdownHook] c.a.n.c.remote.client.grpc.GrpcClient    : Shutdown grpc executor java.util.concurrent.ThreadPoolExecutor@28989fb4[Running, pool size = 4, active threads = 1, queued tasks = 0, completed tasks = 121]
2024-11-26T01:34:03.771+08:00  INFO 7120 --- [authorization-service] [SpringApplicationShutdownHook] com.alibaba.nacos.client.naming          : shutdown and remove naming rpc client  for uuid ->176b9a82-93bc-4361-87d5-465ef4ad1489
2024-11-26T01:34:03.772+08:00  INFO 7120 --- [authorization-service] [SpringApplicationShutdownHook] c.a.n.c.a.r.identify.CredentialWatcher   : [null] CredentialWatcher is stopped
2024-11-26T01:34:03.772+08:00  INFO 7120 --- [authorization-service] [SpringApplicationShutdownHook] c.a.n.c.a.r.identify.CredentialService   : [null] CredentialService is freed
2024-11-26T01:34:03.772+08:00  INFO 7120 --- [authorization-service] [SpringApplicationShutdownHook] com.alibaba.nacos.client.naming          : com.alibaba.nacos.client.naming.remote.NamingClientProxyDelegate do shutdown stop
2024-11-26T01:34:03.779+08:00  INFO 7120 --- [authorization-service] [nacos-grpc-client-executor-192.168.65.151-121] c.a.n.c.remote.client.grpc.GrpcClient    : [1732555484019_192.168.65.1_60931]Ignore complete event,isRunning:false,isAbandon=false
2024-11-26T01:34:03.794+08:00  INFO 7120 --- [authorization-service] [com.alibaba.nacos.client.Worker.9] c.a.n.c.a.r.identify.CredentialWatcher   : null No credential found
