2024-11-30T16:13:22.260+08:00  INFO 23568 --- [message-service] [main] c.a.n.c.c.impl.LocalConfigInfoProcessor  : LOCAL_SNAPSHOT_PATH:C:\Users\jjjj\nacos\config
2024-11-30T16:13:22.268+08:00  INFO 23568 --- [message-service] [main] com.alibaba.nacos.common.remote.client   : [RpcClientFactory] create a new rpc client of d8cf7fb4-023b-4b25-afea-a9ba81b6d111_config-0
2024-11-30T16:13:22.282+08:00  INFO 23568 --- [message-service] [main] com.alibaba.nacos.common.remote.client   : [d8cf7fb4-023b-4b25-afea-a9ba81b6d111_config-0] Register server push request handler:com.alibaba.nacos.client.config.impl.ClientWorker$ConfigRpcTransportClient$$Lambda$491/0x00000202882e0458
2024-11-30T16:13:22.283+08:00  INFO 23568 --- [message-service] [main] com.alibaba.nacos.common.remote.client   : [d8cf7fb4-023b-4b25-afea-a9ba81b6d111_config-0] Register server push request handler:com.alibaba.nacos.client.config.impl.ClientWorker$ConfigRpcTransportClient$$Lambda$492/0x00000202882e0878
2024-11-30T16:13:22.283+08:00  INFO 23568 --- [message-service] [main] com.alibaba.nacos.common.remote.client   : [d8cf7fb4-023b-4b25-afea-a9ba81b6d111_config-0] Registry connection listener to current client:com.alibaba.nacos.client.config.impl.ClientWorker$ConfigRpcTransportClient$1
2024-11-30T16:13:22.284+08:00  INFO 23568 --- [message-service] [main] com.alibaba.nacos.common.remote.client   : [d8cf7fb4-023b-4b25-afea-a9ba81b6d111_config-0] RpcClient init, ServerListFactory = com.alibaba.nacos.client.config.impl.ClientWorker$ConfigRpcTransportClient$2
2024-11-30T16:13:22.290+08:00  INFO 23568 --- [message-service] [main] com.alibaba.nacos.common.remote.client   : [d8cf7fb4-023b-4b25-afea-a9ba81b6d111_config-0] Try to connect to server on start up, server: {serverIp = '192.168.65.151', server main port = 8848}
2024-11-30T16:13:22.322+08:00  INFO 23568 --- [message-service] [main] c.a.n.c.remote.client.grpc.GrpcClient    : grpc client connection server:192.168.65.151 ip,serverPort:9848,grpcTslConfig:{"sslProvider":"","enableTls":false,"mutualAuthEnable":false,"trustAll":false}
2024-11-30T16:13:22.901+08:00  INFO 23568 --- [message-service] [main] c.a.n.c.a.AbstractAbilityControlManager  : Ready to get current node abilities...
2024-11-30T16:13:22.902+08:00  INFO 23568 --- [message-service] [main] c.a.n.c.a.AbstractAbilityControlManager  : Ready to initialize current node abilities, support modes: [SDK_CLIENT]
2024-11-30T16:13:22.902+08:00  INFO 23568 --- [message-service] [main] c.a.n.c.a.AbstractAbilityControlManager  : Initialize current abilities finish...
2024-11-30T16:13:22.903+08:00  INFO 23568 --- [message-service] [main] c.a.n.c.a.d.NacosAbilityManagerHolder    : [AbilityControlManager] Successfully initialize AbilityControlManager
2024-11-30T16:13:23.018+08:00  INFO 23568 --- [message-service] [main] com.alibaba.nacos.common.remote.client   : [d8cf7fb4-023b-4b25-afea-a9ba81b6d111_config-0] Success to connect to server [192.168.65.151:8848] on start up, connectionId = 1732954402096_192.168.65.1_55743
2024-11-30T16:13:23.018+08:00  INFO 23568 --- [message-service] [com.alibaba.nacos.client.remote.worker.0] com.alibaba.nacos.common.remote.client   : [d8cf7fb4-023b-4b25-afea-a9ba81b6d111_config-0] Notify connected event to listeners.
2024-11-30T16:13:23.019+08:00  INFO 23568 --- [message-service] [com.alibaba.nacos.client.remote.worker.0] c.a.n.client.config.impl.ClientWorker    : [d8cf7fb4-023b-4b25-afea-a9ba81b6d111_config-0] Connected,notify listen context...
2024-11-30T16:13:23.019+08:00  INFO 23568 --- [message-service] [main] com.alibaba.nacos.common.remote.client   : [d8cf7fb4-023b-4b25-afea-a9ba81b6d111_config-0] Register server push request handler:com.alibaba.nacos.common.remote.client.RpcClient$ConnectResetRequestHandler
2024-11-30T16:13:23.019+08:00  INFO 23568 --- [message-service] [main] com.alibaba.nacos.common.remote.client   : [d8cf7fb4-023b-4b25-afea-a9ba81b6d111_config-0] Register server push request handler:com.alibaba.nacos.common.remote.client.RpcClient$$Lambda$513/0x000002028842abf0
2024-11-30T16:13:23.052+08:00  INFO 23568 --- [message-service] [main] c.a.nacos.client.config.impl.Limiter     : limitTime:5.0
2024-11-30T16:13:23.073+08:00  INFO 23568 --- [message-service] [main] c.a.nacos.client.config.utils.JvmUtil    : isMultiInstance:false
2024-11-30T16:13:23.129+08:00  WARN 23568 --- [message-service] [main] c.a.c.n.c.NacosPropertySourceBuilder     : Ignore the empty nacos configuration and get it based on dataId[message-service] & group[DEFAULT_GROUP]
2024-11-30T16:13:23.136+08:00  WARN 23568 --- [message-service] [main] c.a.c.n.c.NacosPropertySourceBuilder     : Ignore the empty nacos configuration and get it based on dataId[message-service.yaml] & group[DEFAULT_GROUP]
2024-11-30T16:13:23.137+08:00  INFO 23568 --- [message-service] [main] b.c.PropertySourceBootstrapConfiguration : Located property source: [BootstrapPropertySource {name='bootstrapProperties-message-service.yaml,DEFAULT_GROUP'}, BootstrapPropertySource {name='bootstrapProperties-message-service,DEFAULT_GROUP'}, BootstrapPropertySource {name='bootstrapProperties-shared-jwt.yaml,DEFAULT_GROUP'}, BootstrapPropertySource {name='bootstrapProperties-shared-rabbitmq.yaml,DEFAULT_GROUP'}, BootstrapPropertySource {name='bootstrapProperties-shared-mail.yaml,DEFAULT_GROUP'}, BootstrapPropertySource {name='bootstrapProperties-shared-redis.yaml,DEFAULT_GROUP'}, BootstrapPropertySource {name='bootstrapProperties-shared-log.yaml,DEFAULT_GROUP'}]
2024-11-30T16:13:23.150+08:00  INFO 23568 --- [message-service] [main] com.supply.MessageApplication            : No active profile set, falling back to 1 default profile: "default"
2024-11-30T16:13:23.576+08:00  INFO 23568 --- [message-service] [main] .s.d.r.c.RepositoryConfigurationDelegate : Multiple Spring Data modules found, entering strict repository configuration mode
2024-11-30T16:13:23.579+08:00  INFO 23568 --- [message-service] [main] .s.d.r.c.RepositoryConfigurationDelegate : Bootstrapping Spring Data Redis repositories in DEFAULT mode.
2024-11-30T16:13:23.621+08:00  INFO 23568 --- [message-service] [main] .s.d.r.c.RepositoryConfigurationDelegate : Finished Spring Data repository scanning in 27 ms. Found 0 Redis repository interfaces.
2024-11-30T16:13:23.783+08:00  INFO 23568 --- [message-service] [main] o.s.cloud.context.scope.GenericScope     : BeanFactory id=3cdf7ab8-2bc1-3e78-8753-9c6e6e8f2bb9
2024-11-30T16:13:24.290+08:00  INFO 23568 --- [message-service] [main] com.alibaba.nacos.client.naming          : initializer namespace from ans.namespace attribute : null
2024-11-30T16:13:24.290+08:00  INFO 23568 --- [message-service] [main] com.alibaba.nacos.client.naming          : initializer namespace from ALIBABA_ALIWARE_NAMESPACE attribute :null
2024-11-30T16:13:24.291+08:00  INFO 23568 --- [message-service] [main] com.alibaba.nacos.client.naming          : initializer namespace from namespace attribute :null
2024-11-30T16:13:24.297+08:00  INFO 23568 --- [message-service] [main] com.alibaba.nacos.client.naming          : FailoverDataSource type is class com.alibaba.nacos.client.naming.backups.datasource.DiskFailoverDataSource
2024-11-30T16:13:24.305+08:00  INFO 23568 --- [message-service] [main] c.a.n.p.a.s.c.ClientAuthPluginManager    : [ClientAuthPluginManager] Load ClientAuthService com.alibaba.nacos.client.auth.impl.NacosClientAuthServiceImpl success.
2024-11-30T16:13:24.305+08:00  INFO 23568 --- [message-service] [main] c.a.n.p.a.s.c.ClientAuthPluginManager    : [ClientAuthPluginManager] Load ClientAuthService com.alibaba.nacos.client.auth.ram.RamClientAuthServiceImpl success.
2024-11-30T16:13:24.309+08:00  INFO 23568 --- [message-service] [main] com.alibaba.nacos.common.remote.client   : [RpcClientFactory] create a new rpc client of ae843ad0-9c0c-4e26-8fac-ad6360efae55
2024-11-30T16:13:24.310+08:00  INFO 23568 --- [message-service] [main] com.alibaba.nacos.client.naming          : Create naming rpc client for uuid->ae843ad0-9c0c-4e26-8fac-ad6360efae55
2024-11-30T16:13:24.311+08:00  INFO 23568 --- [message-service] [main] com.alibaba.nacos.common.remote.client   : [ae843ad0-9c0c-4e26-8fac-ad6360efae55] RpcClient init, ServerListFactory = com.alibaba.nacos.client.naming.core.ServerListManager
2024-11-30T16:13:24.311+08:00  INFO 23568 --- [message-service] [main] com.alibaba.nacos.common.remote.client   : [ae843ad0-9c0c-4e26-8fac-ad6360efae55] Registry connection listener to current client:com.alibaba.nacos.client.naming.remote.gprc.redo.NamingGrpcRedoService
2024-11-30T16:13:24.311+08:00  INFO 23568 --- [message-service] [main] com.alibaba.nacos.common.remote.client   : [ae843ad0-9c0c-4e26-8fac-ad6360efae55] Register server push request handler:com.alibaba.nacos.client.naming.remote.gprc.NamingPushRequestHandler
2024-11-30T16:13:24.312+08:00  INFO 23568 --- [message-service] [main] com.alibaba.nacos.common.remote.client   : [ae843ad0-9c0c-4e26-8fac-ad6360efae55] Try to connect to server on start up, server: {serverIp = '192.168.65.151', server main port = 8848}
2024-11-30T16:13:24.312+08:00  INFO 23568 --- [message-service] [main] c.a.n.c.remote.client.grpc.GrpcClient    : grpc client connection server:192.168.65.151 ip,serverPort:9848,grpcTslConfig:{"sslProvider":"","enableTls":false,"mutualAuthEnable":false,"trustAll":false}
2024-11-30T16:13:24.434+08:00  INFO 23568 --- [message-service] [main] com.alibaba.nacos.common.remote.client   : [ae843ad0-9c0c-4e26-8fac-ad6360efae55] Success to connect to server [192.168.65.151:8848] on start up, connectionId = 1732954403581_192.168.65.1_55757
2024-11-30T16:13:24.435+08:00  INFO 23568 --- [message-service] [com.alibaba.nacos.client.remote.worker.0] com.alibaba.nacos.common.remote.client   : [ae843ad0-9c0c-4e26-8fac-ad6360efae55] Notify connected event to listeners.
2024-11-30T16:13:24.435+08:00  INFO 23568 --- [message-service] [main] com.alibaba.nacos.common.remote.client   : [ae843ad0-9c0c-4e26-8fac-ad6360efae55] Register server push request handler:com.alibaba.nacos.common.remote.client.RpcClient$ConnectResetRequestHandler
2024-11-30T16:13:24.435+08:00  INFO 23568 --- [message-service] [com.alibaba.nacos.client.remote.worker.0] com.alibaba.nacos.client.naming          : Grpc connection connect
2024-11-30T16:13:24.435+08:00  INFO 23568 --- [message-service] [main] com.alibaba.nacos.common.remote.client   : [ae843ad0-9c0c-4e26-8fac-ad6360efae55] Register server push request handler:com.alibaba.nacos.common.remote.client.RpcClient$$Lambda$513/0x000002028842abf0
2024-11-30T16:13:24.436+08:00  INFO 23568 --- [message-service] [main] com.alibaba.nacos.client.naming          : [REGISTER-SERVICE] public registering service message-service-grpc with instance Instance{instanceId='null', ip='192.168.65.1', port=55756, weight=1.0, healthy=true, enabled=true, ephemeral=true, clusterName='DEFAULT', serviceName='null', metadata={}}
2024-11-30T16:13:24.448+08:00  INFO 23568 --- [message-service] [main] c.s.message.config.GrpcServerConfig      : messageService的gRPC服务启动，监听端口：55756
2024-11-30T16:13:26.005+08:00  INFO 23568 --- [message-service] [main] o.s.cloud.commons.util.InetUtils         : Cannot determine local hostname
2024-11-30T16:13:28.469+08:00  INFO 23568 --- [message-service] [main] o.s.cloud.commons.util.InetUtils         : Cannot determine local hostname
2024-11-30T16:13:29.421+08:00  INFO 23568 --- [message-service] [main] o.s.a.r.c.CachingConnectionFactory       : Attempting to connect to: [192.168.65.151:5672]
2024-11-30T16:13:29.513+08:00  INFO 23568 --- [message-service] [main] o.s.a.r.c.CachingConnectionFactory       : Created new connection: rabbitConnectionFactory#2b3abeeb:0/SimpleConnection@4e26c308 [delegate=amqp://drug@192.168.65.151:5672//drug, localPort=55780]
2024-11-30T16:13:29.625+08:00  INFO 23568 --- [message-service] [main] com.supply.MessageApplication            : Started MessageApplication in 10.726 seconds (process running for 11.32)
2024-11-30T16:13:29.636+08:00  INFO 23568 --- [message-service] [main] c.a.nacos.client.config.impl.CacheData   : config listener notify warn timeout millis use default 60000 millis 
2024-11-30T16:13:29.636+08:00  INFO 23568 --- [message-service] [main] c.a.nacos.client.config.impl.CacheData   : nacos.cache.data.init.snapshot = true 
2024-11-30T16:13:29.636+08:00  INFO 23568 --- [message-service] [main] c.a.n.client.config.impl.ClientWorker    : [fixed-192.168.65.151_8848] [subscribe] message-service+DEFAULT_GROUP
2024-11-30T16:13:29.665+08:00  INFO 23568 --- [message-service] [main] c.a.nacos.client.config.impl.CacheData   : [fixed-192.168.65.151_8848] [add-listener] ok, tenant=, dataId=message-service, group=DEFAULT_GROUP, cnt=1
2024-11-30T16:13:29.666+08:00  INFO 23568 --- [message-service] [main] c.a.c.n.refresh.NacosContextRefresher    : [Nacos Config] Listening config: dataId=message-service, group=DEFAULT_GROUP
2024-11-30T16:13:29.667+08:00  INFO 23568 --- [message-service] [main] c.a.n.client.config.impl.ClientWorker    : [fixed-192.168.65.151_8848] [subscribe] message-service.yaml+DEFAULT_GROUP
2024-11-30T16:13:29.667+08:00  INFO 23568 --- [message-service] [main] c.a.nacos.client.config.impl.CacheData   : [fixed-192.168.65.151_8848] [add-listener] ok, tenant=, dataId=message-service.yaml, group=DEFAULT_GROUP, cnt=1
2024-11-30T16:13:29.667+08:00  INFO 23568 --- [message-service] [main] c.a.c.n.refresh.NacosContextRefresher    : [Nacos Config] Listening config: dataId=message-service.yaml, group=DEFAULT_GROUP
2024-11-30T16:18:18.120+08:00  WARN 23568 --- [message-service] [Thread-5] c.a.nacos.common.notify.NotifyCenter     : [NotifyCenter] Start destroying Publisher
2024-11-30T16:18:18.122+08:00  WARN 23568 --- [message-service] [Thread-5] c.a.nacos.common.notify.NotifyCenter     : [NotifyCenter] Destruction of the end
2024-11-30T16:18:18.127+08:00  WARN 23568 --- [message-service] [Thread-2] c.a.n.common.http.HttpClientBeanHolder   : [HttpClientBeanHolder] Start destroying common HttpClient
2024-11-30T16:18:18.130+08:00  WARN 23568 --- [message-service] [Thread-2] c.a.n.common.http.HttpClientBeanHolder   : [HttpClientBeanHolder] Destruction of the end
2024-11-30T16:18:18.138+08:00  INFO 23568 --- [message-service] [org.springframework.amqp.rabbit.RabbitListenerEndpointContainer#0-2] o.s.a.r.l.SimpleMessageListenerContainer : Waiting for workers to finish.
2024-11-30T16:18:18.140+08:00  INFO 23568 --- [message-service] [org.springframework.amqp.rabbit.RabbitListenerEndpointContainer#1-2] o.s.a.r.l.SimpleMessageListenerContainer : Waiting for workers to finish.
2024-11-30T16:18:18.142+08:00  INFO 23568 --- [message-service] [org.springframework.amqp.rabbit.RabbitListenerEndpointContainer#2-2] o.s.a.r.l.SimpleMessageListenerContainer : Waiting for workers to finish.
2024-11-30T16:18:18.143+08:00  INFO 23568 --- [message-service] [org.springframework.amqp.rabbit.RabbitListenerEndpointContainer#3-2] o.s.a.r.l.SimpleMessageListenerContainer : Waiting for workers to finish.
2024-11-30T16:18:18.147+08:00  INFO 23568 --- [message-service] [org.springframework.amqp.rabbit.RabbitListenerEndpointContainer#4-2] o.s.a.r.l.SimpleMessageListenerContainer : Waiting for workers to finish.
2024-11-30T16:18:18.642+08:00  INFO 23568 --- [message-service] [org.springframework.amqp.rabbit.RabbitListenerEndpointContainer#0-2] o.s.a.r.l.SimpleMessageListenerContainer : Successfully waited for workers to finish.
2024-11-30T16:18:18.719+08:00  INFO 23568 --- [message-service] [org.springframework.amqp.rabbit.RabbitListenerEndpointContainer#2-2] o.s.a.r.l.SimpleMessageListenerContainer : Successfully waited for workers to finish.
2024-11-30T16:18:18.750+08:00  INFO 23568 --- [message-service] [org.springframework.amqp.rabbit.RabbitListenerEndpointContainer#3-2] o.s.a.r.l.SimpleMessageListenerContainer : Successfully waited for workers to finish.
2024-11-30T16:18:18.781+08:00  INFO 23568 --- [message-service] [org.springframework.amqp.rabbit.RabbitListenerEndpointContainer#1-2] o.s.a.r.l.SimpleMessageListenerContainer : Successfully waited for workers to finish.
2024-11-30T16:18:18.858+08:00  INFO 23568 --- [message-service] [org.springframework.amqp.rabbit.RabbitListenerEndpointContainer#4-2] o.s.a.r.l.SimpleMessageListenerContainer : Successfully waited for workers to finish.
2024-11-30T16:18:18.881+08:00  INFO 23568 --- [message-service] [SpringApplicationShutdownHook] c.s.message.config.GrpcServerConfig      : messageService的gRPC服务停止……
2024-11-30T16:19:45.694+08:00  INFO 21960 --- [message-service] [main] c.a.n.c.c.impl.LocalConfigInfoProcessor  : LOCAL_SNAPSHOT_PATH:C:\Users\jjjj\nacos\config
2024-11-30T16:19:45.701+08:00  INFO 21960 --- [message-service] [main] com.alibaba.nacos.common.remote.client   : [RpcClientFactory] create a new rpc client of c61b797e-90dd-487c-81a2-dbde943160f1_config-0
2024-11-30T16:19:45.720+08:00  INFO 21960 --- [message-service] [main] com.alibaba.nacos.common.remote.client   : [c61b797e-90dd-487c-81a2-dbde943160f1_config-0] Register server push request handler:com.alibaba.nacos.client.config.impl.ClientWorker$ConfigRpcTransportClient$$Lambda$491/0x00000204812bf758
2024-11-30T16:19:45.720+08:00  INFO 21960 --- [message-service] [main] com.alibaba.nacos.common.remote.client   : [c61b797e-90dd-487c-81a2-dbde943160f1_config-0] Register server push request handler:com.alibaba.nacos.client.config.impl.ClientWorker$ConfigRpcTransportClient$$Lambda$492/0x00000204812bfb78
2024-11-30T16:19:45.720+08:00  INFO 21960 --- [message-service] [main] com.alibaba.nacos.common.remote.client   : [c61b797e-90dd-487c-81a2-dbde943160f1_config-0] Registry connection listener to current client:com.alibaba.nacos.client.config.impl.ClientWorker$ConfigRpcTransportClient$1
2024-11-30T16:19:45.721+08:00  INFO 21960 --- [message-service] [main] com.alibaba.nacos.common.remote.client   : [c61b797e-90dd-487c-81a2-dbde943160f1_config-0] RpcClient init, ServerListFactory = com.alibaba.nacos.client.config.impl.ClientWorker$ConfigRpcTransportClient$2
2024-11-30T16:19:45.730+08:00  INFO 21960 --- [message-service] [main] com.alibaba.nacos.common.remote.client   : [c61b797e-90dd-487c-81a2-dbde943160f1_config-0] Try to connect to server on start up, server: {serverIp = '192.168.65.151', server main port = 8848}
2024-11-30T16:19:45.775+08:00  INFO 21960 --- [message-service] [main] c.a.n.c.remote.client.grpc.GrpcClient    : grpc client connection server:192.168.65.151 ip,serverPort:9848,grpcTslConfig:{"sslProvider":"","enableTls":false,"mutualAuthEnable":false,"trustAll":false}
2024-11-30T16:19:46.686+08:00  INFO 21960 --- [message-service] [main] c.a.n.c.a.AbstractAbilityControlManager  : Ready to get current node abilities...
2024-11-30T16:19:46.688+08:00  INFO 21960 --- [message-service] [main] c.a.n.c.a.AbstractAbilityControlManager  : Ready to initialize current node abilities, support modes: [SDK_CLIENT]
2024-11-30T16:19:46.689+08:00  INFO 21960 --- [message-service] [main] c.a.n.c.a.AbstractAbilityControlManager  : Initialize current abilities finish...
2024-11-30T16:19:46.690+08:00  INFO 21960 --- [message-service] [main] c.a.n.c.a.d.NacosAbilityManagerHolder    : [AbilityControlManager] Successfully initialize AbilityControlManager
2024-11-30T16:19:46.799+08:00  INFO 21960 --- [message-service] [main] com.alibaba.nacos.common.remote.client   : [c61b797e-90dd-487c-81a2-dbde943160f1_config-0] Success to connect to server [192.168.65.151:8848] on start up, connectionId = 1732954785862_192.168.65.1_56746
2024-11-30T16:19:46.800+08:00  INFO 21960 --- [message-service] [com.alibaba.nacos.client.remote.worker.0] com.alibaba.nacos.common.remote.client   : [c61b797e-90dd-487c-81a2-dbde943160f1_config-0] Notify connected event to listeners.
2024-11-30T16:19:46.800+08:00  INFO 21960 --- [message-service] [main] com.alibaba.nacos.common.remote.client   : [c61b797e-90dd-487c-81a2-dbde943160f1_config-0] Register server push request handler:com.alibaba.nacos.common.remote.client.RpcClient$ConnectResetRequestHandler
2024-11-30T16:19:46.800+08:00  INFO 21960 --- [message-service] [com.alibaba.nacos.client.remote.worker.0] c.a.n.client.config.impl.ClientWorker    : [c61b797e-90dd-487c-81a2-dbde943160f1_config-0] Connected,notify listen context...
2024-11-30T16:19:46.800+08:00  INFO 21960 --- [message-service] [main] com.alibaba.nacos.common.remote.client   : [c61b797e-90dd-487c-81a2-dbde943160f1_config-0] Register server push request handler:com.alibaba.nacos.common.remote.client.RpcClient$$Lambda$513/0x000002048144a2f8
2024-11-30T16:19:46.837+08:00  INFO 21960 --- [message-service] [main] c.a.nacos.client.config.impl.Limiter     : limitTime:5.0
2024-11-30T16:19:46.849+08:00  INFO 21960 --- [message-service] [main] c.a.nacos.client.config.utils.JvmUtil    : isMultiInstance:false
2024-11-30T16:19:46.891+08:00  WARN 21960 --- [message-service] [main] c.a.c.n.c.NacosPropertySourceBuilder     : Ignore the empty nacos configuration and get it based on dataId[message-service] & group[DEFAULT_GROUP]
2024-11-30T16:19:46.897+08:00  WARN 21960 --- [message-service] [main] c.a.c.n.c.NacosPropertySourceBuilder     : Ignore the empty nacos configuration and get it based on dataId[message-service.yaml] & group[DEFAULT_GROUP]
2024-11-30T16:19:46.898+08:00  INFO 21960 --- [message-service] [main] b.c.PropertySourceBootstrapConfiguration : Located property source: [BootstrapPropertySource {name='bootstrapProperties-message-service.yaml,DEFAULT_GROUP'}, BootstrapPropertySource {name='bootstrapProperties-message-service,DEFAULT_GROUP'}, BootstrapPropertySource {name='bootstrapProperties-shared-jwt.yaml,DEFAULT_GROUP'}, BootstrapPropertySource {name='bootstrapProperties-shared-rabbitmq.yaml,DEFAULT_GROUP'}, BootstrapPropertySource {name='bootstrapProperties-shared-mail.yaml,DEFAULT_GROUP'}, BootstrapPropertySource {name='bootstrapProperties-shared-redis.yaml,DEFAULT_GROUP'}, BootstrapPropertySource {name='bootstrapProperties-shared-log.yaml,DEFAULT_GROUP'}]
2024-11-30T16:19:46.909+08:00  INFO 21960 --- [message-service] [main] com.supply.MessageApplication            : No active profile set, falling back to 1 default profile: "default"
2024-11-30T16:19:47.281+08:00  INFO 21960 --- [message-service] [main] .s.d.r.c.RepositoryConfigurationDelegate : Multiple Spring Data modules found, entering strict repository configuration mode
2024-11-30T16:19:47.285+08:00  INFO 21960 --- [message-service] [main] .s.d.r.c.RepositoryConfigurationDelegate : Bootstrapping Spring Data Redis repositories in DEFAULT mode.
2024-11-30T16:19:47.327+08:00  INFO 21960 --- [message-service] [main] .s.d.r.c.RepositoryConfigurationDelegate : Finished Spring Data repository scanning in 26 ms. Found 0 Redis repository interfaces.
2024-11-30T16:19:47.487+08:00  INFO 21960 --- [message-service] [main] o.s.cloud.context.scope.GenericScope     : BeanFactory id=081995d2-3282-3bec-b6ce-bca9006d5da5
2024-11-30T16:19:48.049+08:00  INFO 21960 --- [message-service] [main] com.alibaba.nacos.client.naming          : initializer namespace from ans.namespace attribute : null
2024-11-30T16:19:48.050+08:00  INFO 21960 --- [message-service] [main] com.alibaba.nacos.client.naming          : initializer namespace from ALIBABA_ALIWARE_NAMESPACE attribute :null
2024-11-30T16:19:48.050+08:00  INFO 21960 --- [message-service] [main] com.alibaba.nacos.client.naming          : initializer namespace from namespace attribute :null
2024-11-30T16:19:48.058+08:00  INFO 21960 --- [message-service] [main] com.alibaba.nacos.client.naming          : FailoverDataSource type is class com.alibaba.nacos.client.naming.backups.datasource.DiskFailoverDataSource
2024-11-30T16:19:48.063+08:00  INFO 21960 --- [message-service] [main] c.a.n.p.a.s.c.ClientAuthPluginManager    : [ClientAuthPluginManager] Load ClientAuthService com.alibaba.nacos.client.auth.impl.NacosClientAuthServiceImpl success.
2024-11-30T16:19:48.063+08:00  INFO 21960 --- [message-service] [main] c.a.n.p.a.s.c.ClientAuthPluginManager    : [ClientAuthPluginManager] Load ClientAuthService com.alibaba.nacos.client.auth.ram.RamClientAuthServiceImpl success.
2024-11-30T16:19:48.068+08:00  INFO 21960 --- [message-service] [main] com.alibaba.nacos.common.remote.client   : [RpcClientFactory] create a new rpc client of 8e684905-fabc-47f4-96ae-0f125ebb2393
2024-11-30T16:19:48.070+08:00  INFO 21960 --- [message-service] [main] com.alibaba.nacos.client.naming          : Create naming rpc client for uuid->8e684905-fabc-47f4-96ae-0f125ebb2393
2024-11-30T16:19:48.070+08:00  INFO 21960 --- [message-service] [main] com.alibaba.nacos.common.remote.client   : [8e684905-fabc-47f4-96ae-0f125ebb2393] RpcClient init, ServerListFactory = com.alibaba.nacos.client.naming.core.ServerListManager
2024-11-30T16:19:48.071+08:00  INFO 21960 --- [message-service] [main] com.alibaba.nacos.common.remote.client   : [8e684905-fabc-47f4-96ae-0f125ebb2393] Registry connection listener to current client:com.alibaba.nacos.client.naming.remote.gprc.redo.NamingGrpcRedoService
2024-11-30T16:19:48.071+08:00  INFO 21960 --- [message-service] [main] com.alibaba.nacos.common.remote.client   : [8e684905-fabc-47f4-96ae-0f125ebb2393] Register server push request handler:com.alibaba.nacos.client.naming.remote.gprc.NamingPushRequestHandler
2024-11-30T16:19:48.071+08:00  INFO 21960 --- [message-service] [main] com.alibaba.nacos.common.remote.client   : [8e684905-fabc-47f4-96ae-0f125ebb2393] Try to connect to server on start up, server: {serverIp = '192.168.65.151', server main port = 8848}
2024-11-30T16:19:48.072+08:00  INFO 21960 --- [message-service] [main] c.a.n.c.remote.client.grpc.GrpcClient    : grpc client connection server:192.168.65.151 ip,serverPort:9848,grpcTslConfig:{"sslProvider":"","enableTls":false,"mutualAuthEnable":false,"trustAll":false}
2024-11-30T16:19:48.200+08:00  INFO 21960 --- [message-service] [main] com.alibaba.nacos.common.remote.client   : [8e684905-fabc-47f4-96ae-0f125ebb2393] Success to connect to server [192.168.65.151:8848] on start up, connectionId = 1732954787343_192.168.65.1_56762
2024-11-30T16:19:48.200+08:00  INFO 21960 --- [message-service] [main] com.alibaba.nacos.common.remote.client   : [8e684905-fabc-47f4-96ae-0f125ebb2393] Register server push request handler:com.alibaba.nacos.common.remote.client.RpcClient$ConnectResetRequestHandler
2024-11-30T16:19:48.200+08:00  INFO 21960 --- [message-service] [main] com.alibaba.nacos.common.remote.client   : [8e684905-fabc-47f4-96ae-0f125ebb2393] Register server push request handler:com.alibaba.nacos.common.remote.client.RpcClient$$Lambda$513/0x000002048144a2f8
2024-11-30T16:19:48.200+08:00  INFO 21960 --- [message-service] [com.alibaba.nacos.client.remote.worker.0] com.alibaba.nacos.common.remote.client   : [8e684905-fabc-47f4-96ae-0f125ebb2393] Notify connected event to listeners.
2024-11-30T16:19:48.200+08:00  INFO 21960 --- [message-service] [com.alibaba.nacos.client.remote.worker.0] com.alibaba.nacos.client.naming          : Grpc connection connect
2024-11-30T16:19:48.202+08:00  INFO 21960 --- [message-service] [main] com.alibaba.nacos.client.naming          : [REGISTER-SERVICE] public registering service message-service-grpc with instance Instance{instanceId='null', ip='192.168.65.1', port=56760, weight=1.0, healthy=true, enabled=true, ephemeral=true, clusterName='DEFAULT', serviceName='null', metadata={}}
2024-11-30T16:19:48.212+08:00  INFO 21960 --- [message-service] [main] c.s.message.config.GrpcServerConfig      : messageService的gRPC服务启动，监听端口：56760
2024-11-30T16:19:49.771+08:00  INFO 21960 --- [message-service] [main] o.s.cloud.commons.util.InetUtils         : Cannot determine local hostname
2024-11-30T16:20:00.378+08:00  INFO 21960 --- [message-service] [main] o.s.cloud.commons.util.InetUtils         : Cannot determine local hostname
2024-11-30T16:20:01.061+08:00  INFO 21960 --- [message-service] [main] o.s.a.r.c.CachingConnectionFactory       : Attempting to connect to: [192.168.65.151:5672]
2024-11-30T16:20:01.110+08:00  INFO 21960 --- [message-service] [main] o.s.a.r.c.CachingConnectionFactory       : Created new connection: rabbitConnectionFactory#6d5de79a:0/SimpleConnection@703a2bc9 [delegate=amqp://drug@192.168.65.151:5672//drug, localPort=56978]
2024-11-30T16:20:01.193+08:00  INFO 21960 --- [message-service] [main] com.supply.MessageApplication            : Started MessageApplication in 18.376 seconds (process running for 18.906)
2024-11-30T16:20:01.197+08:00  INFO 21960 --- [message-service] [main] c.a.nacos.client.config.impl.CacheData   : config listener notify warn timeout millis use default 60000 millis 
2024-11-30T16:20:01.198+08:00  INFO 21960 --- [message-service] [main] c.a.nacos.client.config.impl.CacheData   : nacos.cache.data.init.snapshot = true 
2024-11-30T16:20:01.198+08:00  INFO 21960 --- [message-service] [main] c.a.n.client.config.impl.ClientWorker    : [fixed-192.168.65.151_8848] [subscribe] message-service+DEFAULT_GROUP
2024-11-30T16:20:01.206+08:00  INFO 21960 --- [message-service] [main] c.a.nacos.client.config.impl.CacheData   : [fixed-192.168.65.151_8848] [add-listener] ok, tenant=, dataId=message-service, group=DEFAULT_GROUP, cnt=1
2024-11-30T16:20:01.206+08:00  INFO 21960 --- [message-service] [main] c.a.c.n.refresh.NacosContextRefresher    : [Nacos Config] Listening config: dataId=message-service, group=DEFAULT_GROUP
2024-11-30T16:20:01.206+08:00  INFO 21960 --- [message-service] [main] c.a.n.client.config.impl.ClientWorker    : [fixed-192.168.65.151_8848] [subscribe] message-service.yaml+DEFAULT_GROUP
2024-11-30T16:20:01.206+08:00  INFO 21960 --- [message-service] [main] c.a.nacos.client.config.impl.CacheData   : [fixed-192.168.65.151_8848] [add-listener] ok, tenant=, dataId=message-service.yaml, group=DEFAULT_GROUP, cnt=1
2024-11-30T16:20:01.207+08:00  INFO 21960 --- [message-service] [main] c.a.c.n.refresh.NacosContextRefresher    : [Nacos Config] Listening config: dataId=message-service.yaml, group=DEFAULT_GROUP
2024-11-30T16:31:49.312+08:00  WARN 21960 --- [message-service] [Thread-2] c.a.n.common.http.HttpClientBeanHolder   : [HttpClientBeanHolder] Start destroying common HttpClient
2024-11-30T16:31:49.312+08:00  WARN 21960 --- [message-service] [Thread-5] c.a.nacos.common.notify.NotifyCenter     : [NotifyCenter] Start destroying Publisher
2024-11-30T16:31:49.344+08:00  WARN 21960 --- [message-service] [Thread-5] c.a.nacos.common.notify.NotifyCenter     : [NotifyCenter] Destruction of the end
2024-11-30T16:31:49.346+08:00  WARN 21960 --- [message-service] [Thread-2] c.a.n.common.http.HttpClientBeanHolder   : [HttpClientBeanHolder] Destruction of the end
2024-11-30T16:31:49.574+08:00  INFO 21960 --- [message-service] [org.springframework.amqp.rabbit.RabbitListenerEndpointContainer#0-2] o.s.a.r.l.SimpleMessageListenerContainer : Waiting for workers to finish.
2024-11-30T16:31:49.577+08:00  INFO 21960 --- [message-service] [org.springframework.amqp.rabbit.RabbitListenerEndpointContainer#1-2] o.s.a.r.l.SimpleMessageListenerContainer : Waiting for workers to finish.
2024-11-30T16:31:49.579+08:00  INFO 21960 --- [message-service] [org.springframework.amqp.rabbit.RabbitListenerEndpointContainer#2-2] o.s.a.r.l.SimpleMessageListenerContainer : Waiting for workers to finish.
2024-11-30T16:31:49.582+08:00  INFO 21960 --- [message-service] [org.springframework.amqp.rabbit.RabbitListenerEndpointContainer#3-2] o.s.a.r.l.SimpleMessageListenerContainer : Waiting for workers to finish.
2024-11-30T16:31:49.583+08:00  INFO 21960 --- [message-service] [org.springframework.amqp.rabbit.RabbitListenerEndpointContainer#4-2] o.s.a.r.l.SimpleMessageListenerContainer : Waiting for workers to finish.
2024-11-30T16:31:50.291+08:00  INFO 21960 --- [message-service] [org.springframework.amqp.rabbit.RabbitListenerEndpointContainer#1-2] o.s.a.r.l.SimpleMessageListenerContainer : Successfully waited for workers to finish.
2024-11-30T16:31:50.338+08:00  INFO 21960 --- [message-service] [org.springframework.amqp.rabbit.RabbitListenerEndpointContainer#2-2] o.s.a.r.l.SimpleMessageListenerContainer : Successfully waited for workers to finish.
2024-11-30T16:31:50.338+08:00  INFO 21960 --- [message-service] [org.springframework.amqp.rabbit.RabbitListenerEndpointContainer#3-2] o.s.a.r.l.SimpleMessageListenerContainer : Successfully waited for workers to finish.
2024-11-30T16:31:50.377+08:00  INFO 21960 --- [message-service] [org.springframework.amqp.rabbit.RabbitListenerEndpointContainer#4-2] o.s.a.r.l.SimpleMessageListenerContainer : Successfully waited for workers to finish.
2024-11-30T16:31:50.460+08:00  INFO 21960 --- [message-service] [org.springframework.amqp.rabbit.RabbitListenerEndpointContainer#0-2] o.s.a.r.l.SimpleMessageListenerContainer : Successfully waited for workers to finish.
2024-11-30T16:31:50.660+08:00  INFO 21960 --- [message-service] [SpringApplicationShutdownHook] c.s.message.config.GrpcServerConfig      : messageService的gRPC服务停止……
2024-11-30T16:32:15.743+08:00  INFO 10216 --- [message-service] [main] c.a.n.c.c.impl.LocalConfigInfoProcessor  : LOCAL_SNAPSHOT_PATH:C:\Users\jjjj\nacos\config
2024-11-30T16:32:15.745+08:00  INFO 10216 --- [message-service] [main] com.alibaba.nacos.common.remote.client   : [RpcClientFactory] create a new rpc client of 8b9790a8-001a-4c2b-9c3b-dfbe071b093c_config-0
2024-11-30T16:32:15.755+08:00  INFO 10216 --- [message-service] [main] com.alibaba.nacos.common.remote.client   : [8b9790a8-001a-4c2b-9c3b-dfbe071b093c_config-0] Register server push request handler:com.alibaba.nacos.client.config.impl.ClientWorker$ConfigRpcTransportClient$$Lambda$491/0x0000016d812bf9a8
2024-11-30T16:32:15.756+08:00  INFO 10216 --- [message-service] [main] com.alibaba.nacos.common.remote.client   : [8b9790a8-001a-4c2b-9c3b-dfbe071b093c_config-0] Register server push request handler:com.alibaba.nacos.client.config.impl.ClientWorker$ConfigRpcTransportClient$$Lambda$492/0x0000016d812bfdc8
2024-11-30T16:32:15.756+08:00  INFO 10216 --- [message-service] [main] com.alibaba.nacos.common.remote.client   : [8b9790a8-001a-4c2b-9c3b-dfbe071b093c_config-0] Registry connection listener to current client:com.alibaba.nacos.client.config.impl.ClientWorker$ConfigRpcTransportClient$1
2024-11-30T16:32:15.756+08:00  INFO 10216 --- [message-service] [main] com.alibaba.nacos.common.remote.client   : [8b9790a8-001a-4c2b-9c3b-dfbe071b093c_config-0] RpcClient init, ServerListFactory = com.alibaba.nacos.client.config.impl.ClientWorker$ConfigRpcTransportClient$2
2024-11-30T16:32:15.761+08:00  INFO 10216 --- [message-service] [main] com.alibaba.nacos.common.remote.client   : [8b9790a8-001a-4c2b-9c3b-dfbe071b093c_config-0] Try to connect to server on start up, server: {serverIp = '192.168.65.151', server main port = 8848}
2024-11-30T16:32:15.782+08:00  INFO 10216 --- [message-service] [main] c.a.n.c.remote.client.grpc.GrpcClient    : grpc client connection server:192.168.65.151 ip,serverPort:9848,grpcTslConfig:{"sslProvider":"","enableTls":false,"mutualAuthEnable":false,"trustAll":false}
2024-11-30T16:32:16.302+08:00  INFO 10216 --- [message-service] [main] c.a.n.c.a.AbstractAbilityControlManager  : Ready to get current node abilities...
2024-11-30T16:32:16.304+08:00  INFO 10216 --- [message-service] [main] c.a.n.c.a.AbstractAbilityControlManager  : Ready to initialize current node abilities, support modes: [SDK_CLIENT]
2024-11-30T16:32:16.304+08:00  INFO 10216 --- [message-service] [main] c.a.n.c.a.AbstractAbilityControlManager  : Initialize current abilities finish...
2024-11-30T16:32:16.305+08:00  INFO 10216 --- [message-service] [main] c.a.n.c.a.d.NacosAbilityManagerHolder    : [AbilityControlManager] Successfully initialize AbilityControlManager
2024-11-30T16:32:16.419+08:00  INFO 10216 --- [message-service] [main] com.alibaba.nacos.common.remote.client   : [8b9790a8-001a-4c2b-9c3b-dfbe071b093c_config-0] Success to connect to server [192.168.65.151:8848] on start up, connectionId = 1732955535515_192.168.65.1_58675
2024-11-30T16:32:16.420+08:00  INFO 10216 --- [message-service] [com.alibaba.nacos.client.remote.worker.0] com.alibaba.nacos.common.remote.client   : [8b9790a8-001a-4c2b-9c3b-dfbe071b093c_config-0] Notify connected event to listeners.
2024-11-30T16:32:16.420+08:00  INFO 10216 --- [message-service] [main] com.alibaba.nacos.common.remote.client   : [8b9790a8-001a-4c2b-9c3b-dfbe071b093c_config-0] Register server push request handler:com.alibaba.nacos.common.remote.client.RpcClient$ConnectResetRequestHandler
2024-11-30T16:32:16.420+08:00  INFO 10216 --- [message-service] [com.alibaba.nacos.client.remote.worker.0] c.a.n.client.config.impl.ClientWorker    : [8b9790a8-001a-4c2b-9c3b-dfbe071b093c_config-0] Connected,notify listen context...
2024-11-30T16:32:16.420+08:00  INFO 10216 --- [message-service] [main] com.alibaba.nacos.common.remote.client   : [8b9790a8-001a-4c2b-9c3b-dfbe071b093c_config-0] Register server push request handler:com.alibaba.nacos.common.remote.client.RpcClient$$Lambda$513/0x0000016d8144a0f8
2024-11-30T16:32:16.449+08:00  INFO 10216 --- [message-service] [main] c.a.nacos.client.config.impl.Limiter     : limitTime:5.0
2024-11-30T16:32:16.461+08:00  INFO 10216 --- [message-service] [main] c.a.nacos.client.config.utils.JvmUtil    : isMultiInstance:false
2024-11-30T16:32:16.494+08:00  WARN 10216 --- [message-service] [main] c.a.c.n.c.NacosPropertySourceBuilder     : Ignore the empty nacos configuration and get it based on dataId[message-service] & group[DEFAULT_GROUP]
2024-11-30T16:32:16.498+08:00  WARN 10216 --- [message-service] [main] c.a.c.n.c.NacosPropertySourceBuilder     : Ignore the empty nacos configuration and get it based on dataId[message-service.yaml] & group[DEFAULT_GROUP]
2024-11-30T16:32:16.499+08:00  INFO 10216 --- [message-service] [main] b.c.PropertySourceBootstrapConfiguration : Located property source: [BootstrapPropertySource {name='bootstrapProperties-message-service.yaml,DEFAULT_GROUP'}, BootstrapPropertySource {name='bootstrapProperties-message-service,DEFAULT_GROUP'}, BootstrapPropertySource {name='bootstrapProperties-shared-jwt.yaml,DEFAULT_GROUP'}, BootstrapPropertySource {name='bootstrapProperties-shared-rabbitmq.yaml,DEFAULT_GROUP'}, BootstrapPropertySource {name='bootstrapProperties-shared-mail.yaml,DEFAULT_GROUP'}, BootstrapPropertySource {name='bootstrapProperties-shared-redis.yaml,DEFAULT_GROUP'}, BootstrapPropertySource {name='bootstrapProperties-shared-log.yaml,DEFAULT_GROUP'}]
2024-11-30T16:32:16.508+08:00  INFO 10216 --- [message-service] [main] com.supply.MessageApplication            : No active profile set, falling back to 1 default profile: "default"
2024-11-30T16:32:16.772+08:00  INFO 10216 --- [message-service] [main] .s.d.r.c.RepositoryConfigurationDelegate : Multiple Spring Data modules found, entering strict repository configuration mode
2024-11-30T16:32:16.774+08:00  INFO 10216 --- [message-service] [main] .s.d.r.c.RepositoryConfigurationDelegate : Bootstrapping Spring Data Redis repositories in DEFAULT mode.
2024-11-30T16:32:16.806+08:00  INFO 10216 --- [message-service] [main] .s.d.r.c.RepositoryConfigurationDelegate : Finished Spring Data repository scanning in 20 ms. Found 0 Redis repository interfaces.
2024-11-30T16:32:16.925+08:00  INFO 10216 --- [message-service] [main] o.s.cloud.context.scope.GenericScope     : BeanFactory id=081995d2-3282-3bec-b6ce-bca9006d5da5
2024-11-30T16:32:17.371+08:00  INFO 10216 --- [message-service] [main] com.alibaba.nacos.client.naming          : initializer namespace from ans.namespace attribute : null
2024-11-30T16:32:17.371+08:00  INFO 10216 --- [message-service] [main] com.alibaba.nacos.client.naming          : initializer namespace from ALIBABA_ALIWARE_NAMESPACE attribute :null
2024-11-30T16:32:17.372+08:00  INFO 10216 --- [message-service] [main] com.alibaba.nacos.client.naming          : initializer namespace from namespace attribute :null
2024-11-30T16:32:17.376+08:00  INFO 10216 --- [message-service] [main] com.alibaba.nacos.client.naming          : FailoverDataSource type is class com.alibaba.nacos.client.naming.backups.datasource.DiskFailoverDataSource
2024-11-30T16:32:17.378+08:00  INFO 10216 --- [message-service] [main] c.a.n.p.a.s.c.ClientAuthPluginManager    : [ClientAuthPluginManager] Load ClientAuthService com.alibaba.nacos.client.auth.impl.NacosClientAuthServiceImpl success.
2024-11-30T16:32:17.378+08:00  INFO 10216 --- [message-service] [main] c.a.n.p.a.s.c.ClientAuthPluginManager    : [ClientAuthPluginManager] Load ClientAuthService com.alibaba.nacos.client.auth.ram.RamClientAuthServiceImpl success.
2024-11-30T16:32:17.381+08:00  INFO 10216 --- [message-service] [main] com.alibaba.nacos.common.remote.client   : [RpcClientFactory] create a new rpc client of cbdc3eee-fd04-49e1-91b3-715029c07dc9
2024-11-30T16:32:17.382+08:00  INFO 10216 --- [message-service] [main] com.alibaba.nacos.client.naming          : Create naming rpc client for uuid->cbdc3eee-fd04-49e1-91b3-715029c07dc9
2024-11-30T16:32:17.382+08:00  INFO 10216 --- [message-service] [main] com.alibaba.nacos.common.remote.client   : [cbdc3eee-fd04-49e1-91b3-715029c07dc9] RpcClient init, ServerListFactory = com.alibaba.nacos.client.naming.core.ServerListManager
2024-11-30T16:32:17.382+08:00  INFO 10216 --- [message-service] [main] com.alibaba.nacos.common.remote.client   : [cbdc3eee-fd04-49e1-91b3-715029c07dc9] Registry connection listener to current client:com.alibaba.nacos.client.naming.remote.gprc.redo.NamingGrpcRedoService
2024-11-30T16:32:17.382+08:00  INFO 10216 --- [message-service] [main] com.alibaba.nacos.common.remote.client   : [cbdc3eee-fd04-49e1-91b3-715029c07dc9] Register server push request handler:com.alibaba.nacos.client.naming.remote.gprc.NamingPushRequestHandler
2024-11-30T16:32:17.383+08:00  INFO 10216 --- [message-service] [main] com.alibaba.nacos.common.remote.client   : [cbdc3eee-fd04-49e1-91b3-715029c07dc9] Try to connect to server on start up, server: {serverIp = '192.168.65.151', server main port = 8848}
2024-11-30T16:32:17.383+08:00  INFO 10216 --- [message-service] [main] c.a.n.c.remote.client.grpc.GrpcClient    : grpc client connection server:192.168.65.151 ip,serverPort:9848,grpcTslConfig:{"sslProvider":"","enableTls":false,"mutualAuthEnable":false,"trustAll":false}
2024-11-30T16:32:17.497+08:00  INFO 10216 --- [message-service] [main] com.alibaba.nacos.common.remote.client   : [cbdc3eee-fd04-49e1-91b3-715029c07dc9] Success to connect to server [192.168.65.151:8848] on start up, connectionId = 1732955536653_192.168.65.1_58683
2024-11-30T16:32:17.498+08:00  INFO 10216 --- [message-service] [main] com.alibaba.nacos.common.remote.client   : [cbdc3eee-fd04-49e1-91b3-715029c07dc9] Register server push request handler:com.alibaba.nacos.common.remote.client.RpcClient$ConnectResetRequestHandler
2024-11-30T16:32:17.498+08:00  INFO 10216 --- [message-service] [com.alibaba.nacos.client.remote.worker.0] com.alibaba.nacos.common.remote.client   : [cbdc3eee-fd04-49e1-91b3-715029c07dc9] Notify connected event to listeners.
2024-11-30T16:32:17.498+08:00  INFO 10216 --- [message-service] [main] com.alibaba.nacos.common.remote.client   : [cbdc3eee-fd04-49e1-91b3-715029c07dc9] Register server push request handler:com.alibaba.nacos.common.remote.client.RpcClient$$Lambda$513/0x0000016d8144a0f8
2024-11-30T16:32:17.498+08:00  INFO 10216 --- [message-service] [com.alibaba.nacos.client.remote.worker.0] com.alibaba.nacos.client.naming          : Grpc connection connect
2024-11-30T16:32:17.498+08:00  INFO 10216 --- [message-service] [main] com.alibaba.nacos.client.naming          : [REGISTER-SERVICE] public registering service message-service-grpc with instance Instance{instanceId='null', ip='192.168.65.1', port=58682, weight=1.0, healthy=true, enabled=true, ephemeral=true, clusterName='DEFAULT', serviceName='null', metadata={}}
2024-11-30T16:32:17.507+08:00  INFO 10216 --- [message-service] [main] c.s.message.config.GrpcServerConfig      : messageService的gRPC服务启动，监听端口：58682
2024-11-30T16:32:18.929+08:00  INFO 10216 --- [message-service] [main] o.s.cloud.commons.util.InetUtils         : Cannot determine local hostname
2024-11-30T16:32:23.302+08:00  INFO 10216 --- [message-service] [main] o.s.cloud.commons.util.InetUtils         : Cannot determine local hostname
2024-11-30T16:32:24.010+08:00  INFO 10216 --- [message-service] [main] o.s.a.r.c.CachingConnectionFactory       : Attempting to connect to: [192.168.65.151:5672]
2024-11-30T16:32:24.070+08:00  INFO 10216 --- [message-service] [main] o.s.a.r.c.CachingConnectionFactory       : Created new connection: rabbitConnectionFactory#568ef502:0/SimpleConnection@5c215642 [delegate=amqp://drug@192.168.65.151:5672//drug, localPort=58706]
2024-11-30T16:32:24.165+08:00  INFO 10216 --- [message-service] [main] com.supply.MessageApplication            : Started MessageApplication in 11.181 seconds (process running for 11.677)
2024-11-30T16:32:24.172+08:00  INFO 10216 --- [message-service] [main] c.a.nacos.client.config.impl.CacheData   : config listener notify warn timeout millis use default 60000 millis 
2024-11-30T16:32:24.172+08:00  INFO 10216 --- [message-service] [main] c.a.nacos.client.config.impl.CacheData   : nacos.cache.data.init.snapshot = true 
2024-11-30T16:32:24.173+08:00  INFO 10216 --- [message-service] [main] c.a.n.client.config.impl.ClientWorker    : [fixed-192.168.65.151_8848] [subscribe] message-service+DEFAULT_GROUP
2024-11-30T16:32:24.182+08:00  INFO 10216 --- [message-service] [main] c.a.nacos.client.config.impl.CacheData   : [fixed-192.168.65.151_8848] [add-listener] ok, tenant=, dataId=message-service, group=DEFAULT_GROUP, cnt=1
2024-11-30T16:32:24.182+08:00  INFO 10216 --- [message-service] [main] c.a.c.n.refresh.NacosContextRefresher    : [Nacos Config] Listening config: dataId=message-service, group=DEFAULT_GROUP
2024-11-30T16:32:24.182+08:00  INFO 10216 --- [message-service] [main] c.a.n.client.config.impl.ClientWorker    : [fixed-192.168.65.151_8848] [subscribe] message-service.yaml+DEFAULT_GROUP
2024-11-30T16:32:24.182+08:00  INFO 10216 --- [message-service] [main] c.a.nacos.client.config.impl.CacheData   : [fixed-192.168.65.151_8848] [add-listener] ok, tenant=, dataId=message-service.yaml, group=DEFAULT_GROUP, cnt=1
2024-11-30T16:32:24.182+08:00  INFO 10216 --- [message-service] [main] c.a.c.n.refresh.NacosContextRefresher    : [Nacos Config] Listening config: dataId=message-service.yaml, group=DEFAULT_GROUP
2024-11-30T16:34:58.975+08:00  WARN 10216 --- [message-service] [Thread-2] c.a.n.common.http.HttpClientBeanHolder   : [HttpClientBeanHolder] Start destroying common HttpClient
2024-11-30T16:34:58.975+08:00  WARN 10216 --- [message-service] [Thread-5] c.a.nacos.common.notify.NotifyCenter     : [NotifyCenter] Start destroying Publisher
2024-11-30T16:34:58.977+08:00  WARN 10216 --- [message-service] [Thread-2] c.a.n.common.http.HttpClientBeanHolder   : [HttpClientBeanHolder] Destruction of the end
2024-11-30T16:34:58.978+08:00  WARN 10216 --- [message-service] [Thread-5] c.a.nacos.common.notify.NotifyCenter     : [NotifyCenter] Destruction of the end
2024-11-30T16:34:58.996+08:00  INFO 10216 --- [message-service] [org.springframework.amqp.rabbit.RabbitListenerEndpointContainer#0-2] o.s.a.r.l.SimpleMessageListenerContainer : Waiting for workers to finish.
2024-11-30T16:34:58.997+08:00  INFO 10216 --- [message-service] [org.springframework.amqp.rabbit.RabbitListenerEndpointContainer#1-2] o.s.a.r.l.SimpleMessageListenerContainer : Waiting for workers to finish.
2024-11-30T16:34:58.999+08:00  INFO 10216 --- [message-service] [org.springframework.amqp.rabbit.RabbitListenerEndpointContainer#2-2] o.s.a.r.l.SimpleMessageListenerContainer : Waiting for workers to finish.
2024-11-30T16:34:59.000+08:00  INFO 10216 --- [message-service] [org.springframework.amqp.rabbit.RabbitListenerEndpointContainer#3-2] o.s.a.r.l.SimpleMessageListenerContainer : Waiting for workers to finish.
2024-11-30T16:34:59.002+08:00  INFO 10216 --- [message-service] [org.springframework.amqp.rabbit.RabbitListenerEndpointContainer#3-2] o.s.a.r.l.SimpleMessageListenerContainer : Successfully waited for workers to finish.
2024-11-30T16:34:59.002+08:00  INFO 10216 --- [message-service] [org.springframework.amqp.rabbit.RabbitListenerEndpointContainer#4-2] o.s.a.r.l.SimpleMessageListenerContainer : Waiting for workers to finish.
2024-11-30T16:34:59.864+08:00  INFO 10216 --- [message-service] [org.springframework.amqp.rabbit.RabbitListenerEndpointContainer#1-2] o.s.a.r.l.SimpleMessageListenerContainer : Successfully waited for workers to finish.
2024-11-30T16:34:59.865+08:00  INFO 10216 --- [message-service] [org.springframework.amqp.rabbit.RabbitListenerEndpointContainer#0-2] o.s.a.r.l.SimpleMessageListenerContainer : Successfully waited for workers to finish.
2024-11-30T16:34:59.895+08:00  INFO 10216 --- [message-service] [org.springframework.amqp.rabbit.RabbitListenerEndpointContainer#2-2] o.s.a.r.l.SimpleMessageListenerContainer : Successfully waited for workers to finish.
2024-11-30T16:34:59.957+08:00  INFO 10216 --- [message-service] [org.springframework.amqp.rabbit.RabbitListenerEndpointContainer#4-2] o.s.a.r.l.SimpleMessageListenerContainer : Successfully waited for workers to finish.
2024-11-30T16:34:59.995+08:00  INFO 10216 --- [message-service] [SpringApplicationShutdownHook] c.s.message.config.GrpcServerConfig      : messageService的gRPC服务停止……
